ARM GAS  C:\Users\Matthew\AppData\Local\Temp\ccwjZYHX.s 			page 1


   1              		.syntax unified
   2              		.cpu cortex-m3
   3              		.fpu softvfp
   4              		.eabi_attribute 20, 1
   5              		.eabi_attribute 21, 1
   6              		.eabi_attribute 23, 3
   7              		.eabi_attribute 24, 1
   8              		.eabi_attribute 25, 1
   9              		.eabi_attribute 26, 1
  10              		.eabi_attribute 30, 6
  11              		.eabi_attribute 34, 1
  12              		.eabi_attribute 18, 4
  13              		.thumb
  14              		.syntax unified
  15              		.file	"spi_done.c"
  16              		.text
  17              	.Ltext0:
  18              		.cfi_sections	.debug_frame
  19              		.global	spi_done
  20              		.bss
  21              		.align	2
  22              		.type	spi_done, %object
  23              		.size	spi_done, 4
  24              	spi_done:
  25 0000 00000000 		.space	4
  26              		.section	.text.spi_done_Start,"ax",%progbits
  27              		.align	2
  28              		.global	spi_done_Start
  29              		.thumb
  30              		.thumb_func
  31              		.type	spi_done_Start, %function
  32              	spi_done_Start:
  33              	.LFB0:
  34              		.file 1 "Generated_Source\\PSoC5\\spi_done.c"
   1:Generated_Source\PSoC5/spi_done.c **** /*******************************************************************************
   2:Generated_Source\PSoC5/spi_done.c **** * File Name: spi_done.c  
   3:Generated_Source\PSoC5/spi_done.c **** * Version 1.70
   4:Generated_Source\PSoC5/spi_done.c **** *
   5:Generated_Source\PSoC5/spi_done.c **** *  Description:
   6:Generated_Source\PSoC5/spi_done.c **** *   API for controlling the state of an interrupt.
   7:Generated_Source\PSoC5/spi_done.c **** *
   8:Generated_Source\PSoC5/spi_done.c **** *
   9:Generated_Source\PSoC5/spi_done.c **** *  Note:
  10:Generated_Source\PSoC5/spi_done.c **** *
  11:Generated_Source\PSoC5/spi_done.c **** ********************************************************************************
  12:Generated_Source\PSoC5/spi_done.c **** * Copyright 2008-2015, Cypress Semiconductor Corporation.  All rights reserved.
  13:Generated_Source\PSoC5/spi_done.c **** * You may use this file only in accordance with the license, terms, conditions, 
  14:Generated_Source\PSoC5/spi_done.c **** * disclaimers, and limitations in the end user license agreement accompanying 
  15:Generated_Source\PSoC5/spi_done.c **** * the software package with which this file was provided.
  16:Generated_Source\PSoC5/spi_done.c **** *******************************************************************************/
  17:Generated_Source\PSoC5/spi_done.c **** 
  18:Generated_Source\PSoC5/spi_done.c **** 
  19:Generated_Source\PSoC5/spi_done.c **** #include <cydevice_trm.h>
  20:Generated_Source\PSoC5/spi_done.c **** #include <CyLib.h>
  21:Generated_Source\PSoC5/spi_done.c **** #include <spi_done.h>
  22:Generated_Source\PSoC5/spi_done.c **** #include "cyapicallbacks.h"
  23:Generated_Source\PSoC5/spi_done.c **** 
ARM GAS  C:\Users\Matthew\AppData\Local\Temp\ccwjZYHX.s 			page 2


  24:Generated_Source\PSoC5/spi_done.c **** #if !defined(spi_done__REMOVED) /* Check for removal by optimization */
  25:Generated_Source\PSoC5/spi_done.c **** 
  26:Generated_Source\PSoC5/spi_done.c **** /*******************************************************************************
  27:Generated_Source\PSoC5/spi_done.c **** *  Place your includes, defines and code here 
  28:Generated_Source\PSoC5/spi_done.c **** ********************************************************************************/
  29:Generated_Source\PSoC5/spi_done.c **** /* `#START spi_done_intc` */
  30:Generated_Source\PSoC5/spi_done.c **** #include "common.h"
  31:Generated_Source\PSoC5/spi_done.c **** #include "RED_LED.h"
  32:Generated_Source\PSoC5/spi_done.c **** spi_done = 0;
  33:Generated_Source\PSoC5/spi_done.c **** /* `#END` */
  34:Generated_Source\PSoC5/spi_done.c **** 
  35:Generated_Source\PSoC5/spi_done.c **** #ifndef CYINT_IRQ_BASE
  36:Generated_Source\PSoC5/spi_done.c **** #define CYINT_IRQ_BASE      16
  37:Generated_Source\PSoC5/spi_done.c **** #endif /* CYINT_IRQ_BASE */
  38:Generated_Source\PSoC5/spi_done.c **** #ifndef CYINT_VECT_TABLE
  39:Generated_Source\PSoC5/spi_done.c **** #define CYINT_VECT_TABLE    ((cyisraddress **) CYREG_NVIC_VECT_OFFSET)
  40:Generated_Source\PSoC5/spi_done.c **** #endif /* CYINT_VECT_TABLE */
  41:Generated_Source\PSoC5/spi_done.c **** 
  42:Generated_Source\PSoC5/spi_done.c **** /* Declared in startup, used to set unused interrupts to. */
  43:Generated_Source\PSoC5/spi_done.c **** CY_ISR_PROTO(IntDefaultHandler);
  44:Generated_Source\PSoC5/spi_done.c **** 
  45:Generated_Source\PSoC5/spi_done.c **** 
  46:Generated_Source\PSoC5/spi_done.c **** /*******************************************************************************
  47:Generated_Source\PSoC5/spi_done.c **** * Function Name: spi_done_Start
  48:Generated_Source\PSoC5/spi_done.c **** ********************************************************************************
  49:Generated_Source\PSoC5/spi_done.c **** *
  50:Generated_Source\PSoC5/spi_done.c **** * Summary:
  51:Generated_Source\PSoC5/spi_done.c **** *  Set up the interrupt and enable it. This function disables the interrupt, 
  52:Generated_Source\PSoC5/spi_done.c **** *  sets the default interrupt vector, sets the priority from the value in the
  53:Generated_Source\PSoC5/spi_done.c **** *  Design Wide Resources Interrupt Editor, then enables the interrupt to the 
  54:Generated_Source\PSoC5/spi_done.c **** *  interrupt controller.
  55:Generated_Source\PSoC5/spi_done.c **** *
  56:Generated_Source\PSoC5/spi_done.c **** * Parameters:  
  57:Generated_Source\PSoC5/spi_done.c **** *   None
  58:Generated_Source\PSoC5/spi_done.c **** *
  59:Generated_Source\PSoC5/spi_done.c **** * Return:
  60:Generated_Source\PSoC5/spi_done.c **** *   None
  61:Generated_Source\PSoC5/spi_done.c **** *
  62:Generated_Source\PSoC5/spi_done.c **** *******************************************************************************/
  63:Generated_Source\PSoC5/spi_done.c **** void spi_done_Start(void)
  64:Generated_Source\PSoC5/spi_done.c **** {
  35              		.loc 1 64 0
  36              		.cfi_startproc
  37              		@ args = 0, pretend = 0, frame = 0
  38              		@ frame_needed = 1, uses_anonymous_args = 0
  39 0000 80B5     		push	{r7, lr}
  40              		.cfi_def_cfa_offset 8
  41              		.cfi_offset 7, -8
  42              		.cfi_offset 14, -4
  43 0002 00AF     		add	r7, sp, #0
  44              		.cfi_def_cfa_register 7
  65:Generated_Source\PSoC5/spi_done.c ****     /* For all we know the interrupt is active. */
  66:Generated_Source\PSoC5/spi_done.c ****     spi_done_Disable();
  45              		.loc 1 66 0
  46 0004 FFF7FEFF 		bl	spi_done_Disable
  67:Generated_Source\PSoC5/spi_done.c **** 
  68:Generated_Source\PSoC5/spi_done.c ****     /* Set the ISR to point to the spi_done Interrupt. */
ARM GAS  C:\Users\Matthew\AppData\Local\Temp\ccwjZYHX.s 			page 3


  69:Generated_Source\PSoC5/spi_done.c ****     spi_done_SetVector(&spi_done_Interrupt);
  47              		.loc 1 69 0
  48 0008 0448     		ldr	r0, .L2
  49 000a FFF7FEFF 		bl	spi_done_SetVector
  70:Generated_Source\PSoC5/spi_done.c **** 
  71:Generated_Source\PSoC5/spi_done.c ****     /* Set the priority. */
  72:Generated_Source\PSoC5/spi_done.c ****     spi_done_SetPriority((uint8)spi_done_INTC_PRIOR_NUMBER);
  50              		.loc 1 72 0
  51 000e 0720     		movs	r0, #7
  52 0010 FFF7FEFF 		bl	spi_done_SetPriority
  73:Generated_Source\PSoC5/spi_done.c **** 
  74:Generated_Source\PSoC5/spi_done.c ****     /* Enable it. */
  75:Generated_Source\PSoC5/spi_done.c ****     spi_done_Enable();
  53              		.loc 1 75 0
  54 0014 FFF7FEFF 		bl	spi_done_Enable
  76:Generated_Source\PSoC5/spi_done.c **** }
  55              		.loc 1 76 0
  56 0018 00BF     		nop
  57 001a 80BD     		pop	{r7, pc}
  58              	.L3:
  59              		.align	2
  60              	.L2:
  61 001c 00000000 		.word	spi_done_Interrupt
  62              		.cfi_endproc
  63              	.LFE0:
  64              		.size	spi_done_Start, .-spi_done_Start
  65              		.section	.text.spi_done_StartEx,"ax",%progbits
  66              		.align	2
  67              		.global	spi_done_StartEx
  68              		.thumb
  69              		.thumb_func
  70              		.type	spi_done_StartEx, %function
  71              	spi_done_StartEx:
  72              	.LFB1:
  77:Generated_Source\PSoC5/spi_done.c **** 
  78:Generated_Source\PSoC5/spi_done.c **** 
  79:Generated_Source\PSoC5/spi_done.c **** /*******************************************************************************
  80:Generated_Source\PSoC5/spi_done.c **** * Function Name: spi_done_StartEx
  81:Generated_Source\PSoC5/spi_done.c **** ********************************************************************************
  82:Generated_Source\PSoC5/spi_done.c **** *
  83:Generated_Source\PSoC5/spi_done.c **** * Summary:
  84:Generated_Source\PSoC5/spi_done.c **** *  Sets up the interrupt and enables it. This function disables the interrupt,
  85:Generated_Source\PSoC5/spi_done.c **** *  sets the interrupt vector based on the address passed in, sets the priority 
  86:Generated_Source\PSoC5/spi_done.c **** *  from the value in the Design Wide Resources Interrupt Editor, then enables 
  87:Generated_Source\PSoC5/spi_done.c **** *  the interrupt to the interrupt controller.
  88:Generated_Source\PSoC5/spi_done.c **** *  
  89:Generated_Source\PSoC5/spi_done.c **** *  When defining ISR functions, the CY_ISR and CY_ISR_PROTO macros should be 
  90:Generated_Source\PSoC5/spi_done.c **** *  used to provide consistent definition across compilers:
  91:Generated_Source\PSoC5/spi_done.c **** *  
  92:Generated_Source\PSoC5/spi_done.c **** *  Function definition example:
  93:Generated_Source\PSoC5/spi_done.c **** *   CY_ISR(MyISR)
  94:Generated_Source\PSoC5/spi_done.c **** *   {
  95:Generated_Source\PSoC5/spi_done.c **** *   }
  96:Generated_Source\PSoC5/spi_done.c **** *   Function prototype example:
  97:Generated_Source\PSoC5/spi_done.c **** *   CY_ISR_PROTO(MyISR);
  98:Generated_Source\PSoC5/spi_done.c **** *
  99:Generated_Source\PSoC5/spi_done.c **** * Parameters:  
ARM GAS  C:\Users\Matthew\AppData\Local\Temp\ccwjZYHX.s 			page 4


 100:Generated_Source\PSoC5/spi_done.c **** *   address: Address of the ISR to set in the interrupt vector table.
 101:Generated_Source\PSoC5/spi_done.c **** *
 102:Generated_Source\PSoC5/spi_done.c **** * Return:
 103:Generated_Source\PSoC5/spi_done.c **** *   None
 104:Generated_Source\PSoC5/spi_done.c **** *
 105:Generated_Source\PSoC5/spi_done.c **** *******************************************************************************/
 106:Generated_Source\PSoC5/spi_done.c **** void spi_done_StartEx(cyisraddress address)
 107:Generated_Source\PSoC5/spi_done.c **** {
  73              		.loc 1 107 0
  74              		.cfi_startproc
  75              		@ args = 0, pretend = 0, frame = 8
  76              		@ frame_needed = 1, uses_anonymous_args = 0
  77 0000 80B5     		push	{r7, lr}
  78              		.cfi_def_cfa_offset 8
  79              		.cfi_offset 7, -8
  80              		.cfi_offset 14, -4
  81 0002 82B0     		sub	sp, sp, #8
  82              		.cfi_def_cfa_offset 16
  83 0004 00AF     		add	r7, sp, #0
  84              		.cfi_def_cfa_register 7
  85 0006 7860     		str	r0, [r7, #4]
 108:Generated_Source\PSoC5/spi_done.c ****     /* For all we know the interrupt is active. */
 109:Generated_Source\PSoC5/spi_done.c ****     spi_done_Disable();
  86              		.loc 1 109 0
  87 0008 FFF7FEFF 		bl	spi_done_Disable
 110:Generated_Source\PSoC5/spi_done.c **** 
 111:Generated_Source\PSoC5/spi_done.c ****     /* Set the ISR to point to the spi_done Interrupt. */
 112:Generated_Source\PSoC5/spi_done.c ****     spi_done_SetVector(address);
  88              		.loc 1 112 0
  89 000c 7868     		ldr	r0, [r7, #4]
  90 000e FFF7FEFF 		bl	spi_done_SetVector
 113:Generated_Source\PSoC5/spi_done.c **** 
 114:Generated_Source\PSoC5/spi_done.c ****     /* Set the priority. */
 115:Generated_Source\PSoC5/spi_done.c ****     spi_done_SetPriority((uint8)spi_done_INTC_PRIOR_NUMBER);
  91              		.loc 1 115 0
  92 0012 0720     		movs	r0, #7
  93 0014 FFF7FEFF 		bl	spi_done_SetPriority
 116:Generated_Source\PSoC5/spi_done.c **** 
 117:Generated_Source\PSoC5/spi_done.c ****     /* Enable it. */
 118:Generated_Source\PSoC5/spi_done.c ****     spi_done_Enable();
  94              		.loc 1 118 0
  95 0018 FFF7FEFF 		bl	spi_done_Enable
 119:Generated_Source\PSoC5/spi_done.c **** }
  96              		.loc 1 119 0
  97 001c 00BF     		nop
  98 001e 0837     		adds	r7, r7, #8
  99              		.cfi_def_cfa_offset 8
 100 0020 BD46     		mov	sp, r7
 101              		.cfi_def_cfa_register 13
 102              		@ sp needed
 103 0022 80BD     		pop	{r7, pc}
 104              		.cfi_endproc
 105              	.LFE1:
 106              		.size	spi_done_StartEx, .-spi_done_StartEx
 107              		.section	.text.spi_done_Stop,"ax",%progbits
 108              		.align	2
 109              		.global	spi_done_Stop
ARM GAS  C:\Users\Matthew\AppData\Local\Temp\ccwjZYHX.s 			page 5


 110              		.thumb
 111              		.thumb_func
 112              		.type	spi_done_Stop, %function
 113              	spi_done_Stop:
 114              	.LFB2:
 120:Generated_Source\PSoC5/spi_done.c **** 
 121:Generated_Source\PSoC5/spi_done.c **** 
 122:Generated_Source\PSoC5/spi_done.c **** /*******************************************************************************
 123:Generated_Source\PSoC5/spi_done.c **** * Function Name: spi_done_Stop
 124:Generated_Source\PSoC5/spi_done.c **** ********************************************************************************
 125:Generated_Source\PSoC5/spi_done.c **** *
 126:Generated_Source\PSoC5/spi_done.c **** * Summary:
 127:Generated_Source\PSoC5/spi_done.c **** *   Disables and removes the interrupt.
 128:Generated_Source\PSoC5/spi_done.c **** *
 129:Generated_Source\PSoC5/spi_done.c **** * Parameters:  
 130:Generated_Source\PSoC5/spi_done.c **** *   None
 131:Generated_Source\PSoC5/spi_done.c **** *
 132:Generated_Source\PSoC5/spi_done.c **** * Return:
 133:Generated_Source\PSoC5/spi_done.c **** *   None
 134:Generated_Source\PSoC5/spi_done.c **** *
 135:Generated_Source\PSoC5/spi_done.c **** *******************************************************************************/
 136:Generated_Source\PSoC5/spi_done.c **** void spi_done_Stop(void)
 137:Generated_Source\PSoC5/spi_done.c **** {
 115              		.loc 1 137 0
 116              		.cfi_startproc
 117              		@ args = 0, pretend = 0, frame = 0
 118              		@ frame_needed = 1, uses_anonymous_args = 0
 119 0000 80B5     		push	{r7, lr}
 120              		.cfi_def_cfa_offset 8
 121              		.cfi_offset 7, -8
 122              		.cfi_offset 14, -4
 123 0002 00AF     		add	r7, sp, #0
 124              		.cfi_def_cfa_register 7
 138:Generated_Source\PSoC5/spi_done.c ****     /* Disable this interrupt. */
 139:Generated_Source\PSoC5/spi_done.c ****     spi_done_Disable();
 125              		.loc 1 139 0
 126 0004 FFF7FEFF 		bl	spi_done_Disable
 140:Generated_Source\PSoC5/spi_done.c **** 
 141:Generated_Source\PSoC5/spi_done.c ****     /* Set the ISR to point to the passive one. */
 142:Generated_Source\PSoC5/spi_done.c ****     spi_done_SetVector(&IntDefaultHandler);
 127              		.loc 1 142 0
 128 0008 0248     		ldr	r0, .L6
 129 000a FFF7FEFF 		bl	spi_done_SetVector
 143:Generated_Source\PSoC5/spi_done.c **** }
 130              		.loc 1 143 0
 131 000e 00BF     		nop
 132 0010 80BD     		pop	{r7, pc}
 133              	.L7:
 134 0012 00BF     		.align	2
 135              	.L6:
 136 0014 00000000 		.word	IntDefaultHandler
 137              		.cfi_endproc
 138              	.LFE2:
 139              		.size	spi_done_Stop, .-spi_done_Stop
 140              		.section	.text.spi_done_Interrupt,"ax",%progbits
 141              		.align	2
 142              		.global	spi_done_Interrupt
ARM GAS  C:\Users\Matthew\AppData\Local\Temp\ccwjZYHX.s 			page 6


 143              		.thumb
 144              		.thumb_func
 145              		.type	spi_done_Interrupt, %function
 146              	spi_done_Interrupt:
 147              	.LFB3:
 144:Generated_Source\PSoC5/spi_done.c **** 
 145:Generated_Source\PSoC5/spi_done.c **** 
 146:Generated_Source\PSoC5/spi_done.c **** /*******************************************************************************
 147:Generated_Source\PSoC5/spi_done.c **** * Function Name: spi_done_Interrupt
 148:Generated_Source\PSoC5/spi_done.c **** ********************************************************************************
 149:Generated_Source\PSoC5/spi_done.c **** *
 150:Generated_Source\PSoC5/spi_done.c **** * Summary:
 151:Generated_Source\PSoC5/spi_done.c **** *   The default Interrupt Service Routine for spi_done.
 152:Generated_Source\PSoC5/spi_done.c **** *
 153:Generated_Source\PSoC5/spi_done.c **** *   Add custom code between the coments to keep the next version of this file
 154:Generated_Source\PSoC5/spi_done.c **** *   from over writting your code.
 155:Generated_Source\PSoC5/spi_done.c **** *
 156:Generated_Source\PSoC5/spi_done.c **** * Parameters:  
 157:Generated_Source\PSoC5/spi_done.c **** *
 158:Generated_Source\PSoC5/spi_done.c **** * Return:
 159:Generated_Source\PSoC5/spi_done.c **** *   None
 160:Generated_Source\PSoC5/spi_done.c **** *
 161:Generated_Source\PSoC5/spi_done.c **** *******************************************************************************/
 162:Generated_Source\PSoC5/spi_done.c **** CY_ISR(spi_done_Interrupt)
 163:Generated_Source\PSoC5/spi_done.c **** {
 148              		.loc 1 163 0
 149              		.cfi_startproc
 150              		@ args = 0, pretend = 0, frame = 0
 151              		@ frame_needed = 1, uses_anonymous_args = 0
 152 0000 80B5     		push	{r7, lr}
 153              		.cfi_def_cfa_offset 8
 154              		.cfi_offset 7, -8
 155              		.cfi_offset 14, -4
 156 0002 00AF     		add	r7, sp, #0
 157              		.cfi_def_cfa_register 7
 164:Generated_Source\PSoC5/spi_done.c ****     #ifdef spi_done_INTERRUPT_INTERRUPT_CALLBACK
 165:Generated_Source\PSoC5/spi_done.c ****         spi_done_Interrupt_InterruptCallback();
 166:Generated_Source\PSoC5/spi_done.c ****     #endif /* spi_done_INTERRUPT_INTERRUPT_CALLBACK */ 
 167:Generated_Source\PSoC5/spi_done.c **** 
 168:Generated_Source\PSoC5/spi_done.c ****     /*  Place your Interrupt code here. */
 169:Generated_Source\PSoC5/spi_done.c ****     /* `#START spi_done_Interrupt` */
 170:Generated_Source\PSoC5/spi_done.c ****     spi_done = 1;
 158              		.loc 1 170 0
 159 0004 034B     		ldr	r3, .L9
 160 0006 0122     		movs	r2, #1
 161 0008 1A60     		str	r2, [r3]
 171:Generated_Source\PSoC5/spi_done.c ****     RED_LED_Write(1);
 162              		.loc 1 171 0
 163 000a 0120     		movs	r0, #1
 164 000c FFF7FEFF 		bl	RED_LED_Write
 172:Generated_Source\PSoC5/spi_done.c ****     /* `#END` */
 173:Generated_Source\PSoC5/spi_done.c **** }
 165              		.loc 1 173 0
 166 0010 00BF     		nop
 167 0012 80BD     		pop	{r7, pc}
 168              	.L10:
 169              		.align	2
ARM GAS  C:\Users\Matthew\AppData\Local\Temp\ccwjZYHX.s 			page 7


 170              	.L9:
 171 0014 00000000 		.word	spi_done
 172              		.cfi_endproc
 173              	.LFE3:
 174              		.size	spi_done_Interrupt, .-spi_done_Interrupt
 175              		.section	.text.spi_done_SetVector,"ax",%progbits
 176              		.align	2
 177              		.global	spi_done_SetVector
 178              		.thumb
 179              		.thumb_func
 180              		.type	spi_done_SetVector, %function
 181              	spi_done_SetVector:
 182              	.LFB4:
 174:Generated_Source\PSoC5/spi_done.c **** 
 175:Generated_Source\PSoC5/spi_done.c **** 
 176:Generated_Source\PSoC5/spi_done.c **** /*******************************************************************************
 177:Generated_Source\PSoC5/spi_done.c **** * Function Name: spi_done_SetVector
 178:Generated_Source\PSoC5/spi_done.c **** ********************************************************************************
 179:Generated_Source\PSoC5/spi_done.c **** *
 180:Generated_Source\PSoC5/spi_done.c **** * Summary:
 181:Generated_Source\PSoC5/spi_done.c **** *   Change the ISR vector for the Interrupt. Note calling spi_done_Start
 182:Generated_Source\PSoC5/spi_done.c **** *   will override any effect this method would have had. To set the vector 
 183:Generated_Source\PSoC5/spi_done.c **** *   before the component has been started use spi_done_StartEx instead.
 184:Generated_Source\PSoC5/spi_done.c **** * 
 185:Generated_Source\PSoC5/spi_done.c **** *   When defining ISR functions, the CY_ISR and CY_ISR_PROTO macros should be 
 186:Generated_Source\PSoC5/spi_done.c **** *   used to provide consistent definition across compilers:
 187:Generated_Source\PSoC5/spi_done.c **** *
 188:Generated_Source\PSoC5/spi_done.c **** *   Function definition example:
 189:Generated_Source\PSoC5/spi_done.c **** *   CY_ISR(MyISR)
 190:Generated_Source\PSoC5/spi_done.c **** *   {
 191:Generated_Source\PSoC5/spi_done.c **** *   }
 192:Generated_Source\PSoC5/spi_done.c **** *
 193:Generated_Source\PSoC5/spi_done.c **** *   Function prototype example:
 194:Generated_Source\PSoC5/spi_done.c **** *     CY_ISR_PROTO(MyISR);
 195:Generated_Source\PSoC5/spi_done.c **** *
 196:Generated_Source\PSoC5/spi_done.c **** * Parameters:
 197:Generated_Source\PSoC5/spi_done.c **** *   address: Address of the ISR to set in the interrupt vector table.
 198:Generated_Source\PSoC5/spi_done.c **** *
 199:Generated_Source\PSoC5/spi_done.c **** * Return:
 200:Generated_Source\PSoC5/spi_done.c **** *   None
 201:Generated_Source\PSoC5/spi_done.c **** *
 202:Generated_Source\PSoC5/spi_done.c **** *******************************************************************************/
 203:Generated_Source\PSoC5/spi_done.c **** void spi_done_SetVector(cyisraddress address)
 204:Generated_Source\PSoC5/spi_done.c **** {
 183              		.loc 1 204 0
 184              		.cfi_startproc
 185              		@ args = 0, pretend = 0, frame = 16
 186              		@ frame_needed = 1, uses_anonymous_args = 0
 187              		@ link register save eliminated.
 188 0000 80B4     		push	{r7}
 189              		.cfi_def_cfa_offset 4
 190              		.cfi_offset 7, -4
 191 0002 85B0     		sub	sp, sp, #20
 192              		.cfi_def_cfa_offset 24
 193 0004 00AF     		add	r7, sp, #0
 194              		.cfi_def_cfa_register 7
 195 0006 7860     		str	r0, [r7, #4]
ARM GAS  C:\Users\Matthew\AppData\Local\Temp\ccwjZYHX.s 			page 8


 205:Generated_Source\PSoC5/spi_done.c ****     cyisraddress * ramVectorTable;
 206:Generated_Source\PSoC5/spi_done.c **** 
 207:Generated_Source\PSoC5/spi_done.c ****     ramVectorTable = (cyisraddress *) *CYINT_VECT_TABLE;
 196              		.loc 1 207 0
 197 0008 054B     		ldr	r3, .L12
 198 000a 1B68     		ldr	r3, [r3]
 199 000c FB60     		str	r3, [r7, #12]
 208:Generated_Source\PSoC5/spi_done.c **** 
 209:Generated_Source\PSoC5/spi_done.c ****     ramVectorTable[CYINT_IRQ_BASE + (uint32)spi_done__INTC_NUMBER] = address;
 200              		.loc 1 209 0
 201 000e FB68     		ldr	r3, [r7, #12]
 202 0010 4833     		adds	r3, r3, #72
 203 0012 7A68     		ldr	r2, [r7, #4]
 204 0014 1A60     		str	r2, [r3]
 210:Generated_Source\PSoC5/spi_done.c **** }
 205              		.loc 1 210 0
 206 0016 00BF     		nop
 207 0018 1437     		adds	r7, r7, #20
 208              		.cfi_def_cfa_offset 4
 209 001a BD46     		mov	sp, r7
 210              		.cfi_def_cfa_register 13
 211              		@ sp needed
 212 001c 80BC     		pop	{r7}
 213              		.cfi_restore 7
 214              		.cfi_def_cfa_offset 0
 215 001e 7047     		bx	lr
 216              	.L13:
 217              		.align	2
 218              	.L12:
 219 0020 08ED00E0 		.word	-536810232
 220              		.cfi_endproc
 221              	.LFE4:
 222              		.size	spi_done_SetVector, .-spi_done_SetVector
 223              		.section	.text.spi_done_GetVector,"ax",%progbits
 224              		.align	2
 225              		.global	spi_done_GetVector
 226              		.thumb
 227              		.thumb_func
 228              		.type	spi_done_GetVector, %function
 229              	spi_done_GetVector:
 230              	.LFB5:
 211:Generated_Source\PSoC5/spi_done.c **** 
 212:Generated_Source\PSoC5/spi_done.c **** 
 213:Generated_Source\PSoC5/spi_done.c **** /*******************************************************************************
 214:Generated_Source\PSoC5/spi_done.c **** * Function Name: spi_done_GetVector
 215:Generated_Source\PSoC5/spi_done.c **** ********************************************************************************
 216:Generated_Source\PSoC5/spi_done.c **** *
 217:Generated_Source\PSoC5/spi_done.c **** * Summary:
 218:Generated_Source\PSoC5/spi_done.c **** *   Gets the "address" of the current ISR vector for the Interrupt.
 219:Generated_Source\PSoC5/spi_done.c **** *
 220:Generated_Source\PSoC5/spi_done.c **** * Parameters:
 221:Generated_Source\PSoC5/spi_done.c **** *   None
 222:Generated_Source\PSoC5/spi_done.c **** *
 223:Generated_Source\PSoC5/spi_done.c **** * Return:
 224:Generated_Source\PSoC5/spi_done.c **** *   Address of the ISR in the interrupt vector table.
 225:Generated_Source\PSoC5/spi_done.c **** *
 226:Generated_Source\PSoC5/spi_done.c **** *******************************************************************************/
ARM GAS  C:\Users\Matthew\AppData\Local\Temp\ccwjZYHX.s 			page 9


 227:Generated_Source\PSoC5/spi_done.c **** cyisraddress spi_done_GetVector(void)
 228:Generated_Source\PSoC5/spi_done.c **** {
 231              		.loc 1 228 0
 232              		.cfi_startproc
 233              		@ args = 0, pretend = 0, frame = 8
 234              		@ frame_needed = 1, uses_anonymous_args = 0
 235              		@ link register save eliminated.
 236 0000 80B4     		push	{r7}
 237              		.cfi_def_cfa_offset 4
 238              		.cfi_offset 7, -4
 239 0002 83B0     		sub	sp, sp, #12
 240              		.cfi_def_cfa_offset 16
 241 0004 00AF     		add	r7, sp, #0
 242              		.cfi_def_cfa_register 7
 229:Generated_Source\PSoC5/spi_done.c ****     cyisraddress * ramVectorTable;
 230:Generated_Source\PSoC5/spi_done.c **** 
 231:Generated_Source\PSoC5/spi_done.c ****     ramVectorTable = (cyisraddress *) *CYINT_VECT_TABLE;
 243              		.loc 1 231 0
 244 0006 054B     		ldr	r3, .L16
 245 0008 1B68     		ldr	r3, [r3]
 246 000a 7B60     		str	r3, [r7, #4]
 232:Generated_Source\PSoC5/spi_done.c **** 
 233:Generated_Source\PSoC5/spi_done.c ****     return ramVectorTable[CYINT_IRQ_BASE + (uint32)spi_done__INTC_NUMBER];
 247              		.loc 1 233 0
 248 000c 7B68     		ldr	r3, [r7, #4]
 249 000e 9B6C     		ldr	r3, [r3, #72]
 234:Generated_Source\PSoC5/spi_done.c **** }
 250              		.loc 1 234 0
 251 0010 1846     		mov	r0, r3
 252 0012 0C37     		adds	r7, r7, #12
 253              		.cfi_def_cfa_offset 4
 254 0014 BD46     		mov	sp, r7
 255              		.cfi_def_cfa_register 13
 256              		@ sp needed
 257 0016 80BC     		pop	{r7}
 258              		.cfi_restore 7
 259              		.cfi_def_cfa_offset 0
 260 0018 7047     		bx	lr
 261              	.L17:
 262 001a 00BF     		.align	2
 263              	.L16:
 264 001c 08ED00E0 		.word	-536810232
 265              		.cfi_endproc
 266              	.LFE5:
 267              		.size	spi_done_GetVector, .-spi_done_GetVector
 268              		.section	.text.spi_done_SetPriority,"ax",%progbits
 269              		.align	2
 270              		.global	spi_done_SetPriority
 271              		.thumb
 272              		.thumb_func
 273              		.type	spi_done_SetPriority, %function
 274              	spi_done_SetPriority:
 275              	.LFB6:
 235:Generated_Source\PSoC5/spi_done.c **** 
 236:Generated_Source\PSoC5/spi_done.c **** 
 237:Generated_Source\PSoC5/spi_done.c **** /*******************************************************************************
 238:Generated_Source\PSoC5/spi_done.c **** * Function Name: spi_done_SetPriority
ARM GAS  C:\Users\Matthew\AppData\Local\Temp\ccwjZYHX.s 			page 10


 239:Generated_Source\PSoC5/spi_done.c **** ********************************************************************************
 240:Generated_Source\PSoC5/spi_done.c **** *
 241:Generated_Source\PSoC5/spi_done.c **** * Summary:
 242:Generated_Source\PSoC5/spi_done.c **** *   Sets the Priority of the Interrupt. 
 243:Generated_Source\PSoC5/spi_done.c **** *
 244:Generated_Source\PSoC5/spi_done.c **** *   Note calling spi_done_Start or spi_done_StartEx will 
 245:Generated_Source\PSoC5/spi_done.c **** *   override any effect this API would have had. This API should only be called
 246:Generated_Source\PSoC5/spi_done.c **** *   after spi_done_Start or spi_done_StartEx has been called. 
 247:Generated_Source\PSoC5/spi_done.c **** *   To set the initial priority for the component, use the Design-Wide Resources
 248:Generated_Source\PSoC5/spi_done.c **** *   Interrupt Editor.
 249:Generated_Source\PSoC5/spi_done.c **** *
 250:Generated_Source\PSoC5/spi_done.c **** *   Note This API has no effect on Non-maskable interrupt NMI).
 251:Generated_Source\PSoC5/spi_done.c **** *
 252:Generated_Source\PSoC5/spi_done.c **** * Parameters:
 253:Generated_Source\PSoC5/spi_done.c **** *   priority: Priority of the interrupt, 0 being the highest priority
 254:Generated_Source\PSoC5/spi_done.c **** *             PSoC 3 and PSoC 5LP: Priority is from 0 to 7.
 255:Generated_Source\PSoC5/spi_done.c **** *             PSoC 4: Priority is from 0 to 3.
 256:Generated_Source\PSoC5/spi_done.c **** *
 257:Generated_Source\PSoC5/spi_done.c **** * Return:
 258:Generated_Source\PSoC5/spi_done.c **** *   None
 259:Generated_Source\PSoC5/spi_done.c **** *
 260:Generated_Source\PSoC5/spi_done.c **** *******************************************************************************/
 261:Generated_Source\PSoC5/spi_done.c **** void spi_done_SetPriority(uint8 priority)
 262:Generated_Source\PSoC5/spi_done.c **** {
 276              		.loc 1 262 0
 277              		.cfi_startproc
 278              		@ args = 0, pretend = 0, frame = 8
 279              		@ frame_needed = 1, uses_anonymous_args = 0
 280              		@ link register save eliminated.
 281 0000 80B4     		push	{r7}
 282              		.cfi_def_cfa_offset 4
 283              		.cfi_offset 7, -4
 284 0002 83B0     		sub	sp, sp, #12
 285              		.cfi_def_cfa_offset 16
 286 0004 00AF     		add	r7, sp, #0
 287              		.cfi_def_cfa_register 7
 288 0006 0346     		mov	r3, r0
 289 0008 FB71     		strb	r3, [r7, #7]
 263:Generated_Source\PSoC5/spi_done.c ****     *spi_done_INTC_PRIOR = priority << 5;
 290              		.loc 1 263 0
 291 000a 054A     		ldr	r2, .L19
 292 000c FB79     		ldrb	r3, [r7, #7]
 293 000e 5B01     		lsls	r3, r3, #5
 294 0010 DBB2     		uxtb	r3, r3
 295 0012 1370     		strb	r3, [r2]
 264:Generated_Source\PSoC5/spi_done.c **** }
 296              		.loc 1 264 0
 297 0014 00BF     		nop
 298 0016 0C37     		adds	r7, r7, #12
 299              		.cfi_def_cfa_offset 4
 300 0018 BD46     		mov	sp, r7
 301              		.cfi_def_cfa_register 13
 302              		@ sp needed
 303 001a 80BC     		pop	{r7}
 304              		.cfi_restore 7
 305              		.cfi_def_cfa_offset 0
 306 001c 7047     		bx	lr
ARM GAS  C:\Users\Matthew\AppData\Local\Temp\ccwjZYHX.s 			page 11


 307              	.L20:
 308 001e 00BF     		.align	2
 309              	.L19:
 310 0020 02E400E0 		.word	-536812542
 311              		.cfi_endproc
 312              	.LFE6:
 313              		.size	spi_done_SetPriority, .-spi_done_SetPriority
 314              		.section	.text.spi_done_GetPriority,"ax",%progbits
 315              		.align	2
 316              		.global	spi_done_GetPriority
 317              		.thumb
 318              		.thumb_func
 319              		.type	spi_done_GetPriority, %function
 320              	spi_done_GetPriority:
 321              	.LFB7:
 265:Generated_Source\PSoC5/spi_done.c **** 
 266:Generated_Source\PSoC5/spi_done.c **** 
 267:Generated_Source\PSoC5/spi_done.c **** /*******************************************************************************
 268:Generated_Source\PSoC5/spi_done.c **** * Function Name: spi_done_GetPriority
 269:Generated_Source\PSoC5/spi_done.c **** ********************************************************************************
 270:Generated_Source\PSoC5/spi_done.c **** *
 271:Generated_Source\PSoC5/spi_done.c **** * Summary:
 272:Generated_Source\PSoC5/spi_done.c **** *   Gets the Priority of the Interrupt.
 273:Generated_Source\PSoC5/spi_done.c **** *
 274:Generated_Source\PSoC5/spi_done.c **** * Parameters:
 275:Generated_Source\PSoC5/spi_done.c **** *   None
 276:Generated_Source\PSoC5/spi_done.c **** *
 277:Generated_Source\PSoC5/spi_done.c **** * Return:
 278:Generated_Source\PSoC5/spi_done.c **** *   Priority of the interrupt, 0 being the highest priority
 279:Generated_Source\PSoC5/spi_done.c **** *    PSoC 3 and PSoC 5LP: Priority is from 0 to 7.
 280:Generated_Source\PSoC5/spi_done.c **** *    PSoC 4: Priority is from 0 to 3.
 281:Generated_Source\PSoC5/spi_done.c **** *
 282:Generated_Source\PSoC5/spi_done.c **** *******************************************************************************/
 283:Generated_Source\PSoC5/spi_done.c **** uint8 spi_done_GetPriority(void)
 284:Generated_Source\PSoC5/spi_done.c **** {
 322              		.loc 1 284 0
 323              		.cfi_startproc
 324              		@ args = 0, pretend = 0, frame = 8
 325              		@ frame_needed = 1, uses_anonymous_args = 0
 326              		@ link register save eliminated.
 327 0000 80B4     		push	{r7}
 328              		.cfi_def_cfa_offset 4
 329              		.cfi_offset 7, -4
 330 0002 83B0     		sub	sp, sp, #12
 331              		.cfi_def_cfa_offset 16
 332 0004 00AF     		add	r7, sp, #0
 333              		.cfi_def_cfa_register 7
 285:Generated_Source\PSoC5/spi_done.c ****     uint8 priority;
 286:Generated_Source\PSoC5/spi_done.c **** 
 287:Generated_Source\PSoC5/spi_done.c **** 
 288:Generated_Source\PSoC5/spi_done.c ****     priority = *spi_done_INTC_PRIOR >> 5;
 334              		.loc 1 288 0
 335 0006 054B     		ldr	r3, .L23
 336 0008 1B78     		ldrb	r3, [r3]
 337 000a DBB2     		uxtb	r3, r3
 338 000c 5B09     		lsrs	r3, r3, #5
 339 000e FB71     		strb	r3, [r7, #7]
ARM GAS  C:\Users\Matthew\AppData\Local\Temp\ccwjZYHX.s 			page 12


 289:Generated_Source\PSoC5/spi_done.c **** 
 290:Generated_Source\PSoC5/spi_done.c ****     return priority;
 340              		.loc 1 290 0
 341 0010 FB79     		ldrb	r3, [r7, #7]	@ zero_extendqisi2
 291:Generated_Source\PSoC5/spi_done.c **** }
 342              		.loc 1 291 0
 343 0012 1846     		mov	r0, r3
 344 0014 0C37     		adds	r7, r7, #12
 345              		.cfi_def_cfa_offset 4
 346 0016 BD46     		mov	sp, r7
 347              		.cfi_def_cfa_register 13
 348              		@ sp needed
 349 0018 80BC     		pop	{r7}
 350              		.cfi_restore 7
 351              		.cfi_def_cfa_offset 0
 352 001a 7047     		bx	lr
 353              	.L24:
 354              		.align	2
 355              	.L23:
 356 001c 02E400E0 		.word	-536812542
 357              		.cfi_endproc
 358              	.LFE7:
 359              		.size	spi_done_GetPriority, .-spi_done_GetPriority
 360              		.section	.text.spi_done_Enable,"ax",%progbits
 361              		.align	2
 362              		.global	spi_done_Enable
 363              		.thumb
 364              		.thumb_func
 365              		.type	spi_done_Enable, %function
 366              	spi_done_Enable:
 367              	.LFB8:
 292:Generated_Source\PSoC5/spi_done.c **** 
 293:Generated_Source\PSoC5/spi_done.c **** 
 294:Generated_Source\PSoC5/spi_done.c **** /*******************************************************************************
 295:Generated_Source\PSoC5/spi_done.c **** * Function Name: spi_done_Enable
 296:Generated_Source\PSoC5/spi_done.c **** ********************************************************************************
 297:Generated_Source\PSoC5/spi_done.c **** *
 298:Generated_Source\PSoC5/spi_done.c **** * Summary:
 299:Generated_Source\PSoC5/spi_done.c **** *   Enables the interrupt to the interrupt controller. Do not call this function
 300:Generated_Source\PSoC5/spi_done.c **** *   unless ISR_Start() has been called or the functionality of the ISR_Start() 
 301:Generated_Source\PSoC5/spi_done.c **** *   function, which sets the vector and the priority, has been called.
 302:Generated_Source\PSoC5/spi_done.c **** *
 303:Generated_Source\PSoC5/spi_done.c **** * Parameters:
 304:Generated_Source\PSoC5/spi_done.c **** *   None
 305:Generated_Source\PSoC5/spi_done.c **** *
 306:Generated_Source\PSoC5/spi_done.c **** * Return:
 307:Generated_Source\PSoC5/spi_done.c **** *   None
 308:Generated_Source\PSoC5/spi_done.c **** *
 309:Generated_Source\PSoC5/spi_done.c **** *******************************************************************************/
 310:Generated_Source\PSoC5/spi_done.c **** void spi_done_Enable(void)
 311:Generated_Source\PSoC5/spi_done.c **** {
 368              		.loc 1 311 0
 369              		.cfi_startproc
 370              		@ args = 0, pretend = 0, frame = 0
 371              		@ frame_needed = 1, uses_anonymous_args = 0
 372              		@ link register save eliminated.
 373 0000 80B4     		push	{r7}
ARM GAS  C:\Users\Matthew\AppData\Local\Temp\ccwjZYHX.s 			page 13


 374              		.cfi_def_cfa_offset 4
 375              		.cfi_offset 7, -4
 376 0002 00AF     		add	r7, sp, #0
 377              		.cfi_def_cfa_register 7
 312:Generated_Source\PSoC5/spi_done.c ****     /* Enable the general interrupt. */
 313:Generated_Source\PSoC5/spi_done.c ****     *spi_done_INTC_SET_EN = spi_done__INTC_MASK;
 378              		.loc 1 313 0
 379 0004 034B     		ldr	r3, .L26
 380 0006 0422     		movs	r2, #4
 381 0008 1A60     		str	r2, [r3]
 314:Generated_Source\PSoC5/spi_done.c **** }
 382              		.loc 1 314 0
 383 000a 00BF     		nop
 384 000c BD46     		mov	sp, r7
 385              		.cfi_def_cfa_register 13
 386              		@ sp needed
 387 000e 80BC     		pop	{r7}
 388              		.cfi_restore 7
 389              		.cfi_def_cfa_offset 0
 390 0010 7047     		bx	lr
 391              	.L27:
 392 0012 00BF     		.align	2
 393              	.L26:
 394 0014 00E100E0 		.word	-536813312
 395              		.cfi_endproc
 396              	.LFE8:
 397              		.size	spi_done_Enable, .-spi_done_Enable
 398              		.section	.text.spi_done_GetState,"ax",%progbits
 399              		.align	2
 400              		.global	spi_done_GetState
 401              		.thumb
 402              		.thumb_func
 403              		.type	spi_done_GetState, %function
 404              	spi_done_GetState:
 405              	.LFB9:
 315:Generated_Source\PSoC5/spi_done.c **** 
 316:Generated_Source\PSoC5/spi_done.c **** 
 317:Generated_Source\PSoC5/spi_done.c **** /*******************************************************************************
 318:Generated_Source\PSoC5/spi_done.c **** * Function Name: spi_done_GetState
 319:Generated_Source\PSoC5/spi_done.c **** ********************************************************************************
 320:Generated_Source\PSoC5/spi_done.c **** *
 321:Generated_Source\PSoC5/spi_done.c **** * Summary:
 322:Generated_Source\PSoC5/spi_done.c **** *   Gets the state (enabled, disabled) of the Interrupt.
 323:Generated_Source\PSoC5/spi_done.c **** *
 324:Generated_Source\PSoC5/spi_done.c **** * Parameters:
 325:Generated_Source\PSoC5/spi_done.c **** *   None
 326:Generated_Source\PSoC5/spi_done.c **** *
 327:Generated_Source\PSoC5/spi_done.c **** * Return:
 328:Generated_Source\PSoC5/spi_done.c **** *   1 if enabled, 0 if disabled.
 329:Generated_Source\PSoC5/spi_done.c **** *
 330:Generated_Source\PSoC5/spi_done.c **** *******************************************************************************/
 331:Generated_Source\PSoC5/spi_done.c **** uint8 spi_done_GetState(void)
 332:Generated_Source\PSoC5/spi_done.c **** {
 406              		.loc 1 332 0
 407              		.cfi_startproc
 408              		@ args = 0, pretend = 0, frame = 0
 409              		@ frame_needed = 1, uses_anonymous_args = 0
ARM GAS  C:\Users\Matthew\AppData\Local\Temp\ccwjZYHX.s 			page 14


 410              		@ link register save eliminated.
 411 0000 80B4     		push	{r7}
 412              		.cfi_def_cfa_offset 4
 413              		.cfi_offset 7, -4
 414 0002 00AF     		add	r7, sp, #0
 415              		.cfi_def_cfa_register 7
 333:Generated_Source\PSoC5/spi_done.c ****     /* Get the state of the general interrupt. */
 334:Generated_Source\PSoC5/spi_done.c ****     return ((*spi_done_INTC_SET_EN & (uint32)spi_done__INTC_MASK) != 0u) ? 1u:0u;
 416              		.loc 1 334 0
 417 0004 064B     		ldr	r3, .L32
 418 0006 1B68     		ldr	r3, [r3]
 419 0008 03F00403 		and	r3, r3, #4
 420 000c 002B     		cmp	r3, #0
 421 000e 01D0     		beq	.L29
 422              		.loc 1 334 0 is_stmt 0 discriminator 1
 423 0010 0123     		movs	r3, #1
 424 0012 00E0     		b	.L30
 425              	.L29:
 426              		.loc 1 334 0 discriminator 2
 427 0014 0023     		movs	r3, #0
 428              	.L30:
 335:Generated_Source\PSoC5/spi_done.c **** }
 429              		.loc 1 335 0 is_stmt 1 discriminator 4
 430 0016 1846     		mov	r0, r3
 431 0018 BD46     		mov	sp, r7
 432              		.cfi_def_cfa_register 13
 433              		@ sp needed
 434 001a 80BC     		pop	{r7}
 435              		.cfi_restore 7
 436              		.cfi_def_cfa_offset 0
 437 001c 7047     		bx	lr
 438              	.L33:
 439 001e 00BF     		.align	2
 440              	.L32:
 441 0020 00E100E0 		.word	-536813312
 442              		.cfi_endproc
 443              	.LFE9:
 444              		.size	spi_done_GetState, .-spi_done_GetState
 445              		.section	.text.spi_done_Disable,"ax",%progbits
 446              		.align	2
 447              		.global	spi_done_Disable
 448              		.thumb
 449              		.thumb_func
 450              		.type	spi_done_Disable, %function
 451              	spi_done_Disable:
 452              	.LFB10:
 336:Generated_Source\PSoC5/spi_done.c **** 
 337:Generated_Source\PSoC5/spi_done.c **** 
 338:Generated_Source\PSoC5/spi_done.c **** /*******************************************************************************
 339:Generated_Source\PSoC5/spi_done.c **** * Function Name: spi_done_Disable
 340:Generated_Source\PSoC5/spi_done.c **** ********************************************************************************
 341:Generated_Source\PSoC5/spi_done.c **** *
 342:Generated_Source\PSoC5/spi_done.c **** * Summary:
 343:Generated_Source\PSoC5/spi_done.c **** *   Disables the Interrupt in the interrupt controller.
 344:Generated_Source\PSoC5/spi_done.c **** *
 345:Generated_Source\PSoC5/spi_done.c **** * Parameters:
 346:Generated_Source\PSoC5/spi_done.c **** *   None
ARM GAS  C:\Users\Matthew\AppData\Local\Temp\ccwjZYHX.s 			page 15


 347:Generated_Source\PSoC5/spi_done.c **** *
 348:Generated_Source\PSoC5/spi_done.c **** * Return:
 349:Generated_Source\PSoC5/spi_done.c **** *   None
 350:Generated_Source\PSoC5/spi_done.c **** *
 351:Generated_Source\PSoC5/spi_done.c **** *******************************************************************************/
 352:Generated_Source\PSoC5/spi_done.c **** void spi_done_Disable(void)
 353:Generated_Source\PSoC5/spi_done.c **** {
 453              		.loc 1 353 0
 454              		.cfi_startproc
 455              		@ args = 0, pretend = 0, frame = 0
 456              		@ frame_needed = 1, uses_anonymous_args = 0
 457              		@ link register save eliminated.
 458 0000 80B4     		push	{r7}
 459              		.cfi_def_cfa_offset 4
 460              		.cfi_offset 7, -4
 461 0002 00AF     		add	r7, sp, #0
 462              		.cfi_def_cfa_register 7
 354:Generated_Source\PSoC5/spi_done.c ****     /* Disable the general interrupt. */
 355:Generated_Source\PSoC5/spi_done.c ****     *spi_done_INTC_CLR_EN = spi_done__INTC_MASK;
 463              		.loc 1 355 0
 464 0004 034B     		ldr	r3, .L35
 465 0006 0422     		movs	r2, #4
 466 0008 1A60     		str	r2, [r3]
 356:Generated_Source\PSoC5/spi_done.c **** }
 467              		.loc 1 356 0
 468 000a 00BF     		nop
 469 000c BD46     		mov	sp, r7
 470              		.cfi_def_cfa_register 13
 471              		@ sp needed
 472 000e 80BC     		pop	{r7}
 473              		.cfi_restore 7
 474              		.cfi_def_cfa_offset 0
 475 0010 7047     		bx	lr
 476              	.L36:
 477 0012 00BF     		.align	2
 478              	.L35:
 479 0014 80E100E0 		.word	-536813184
 480              		.cfi_endproc
 481              	.LFE10:
 482              		.size	spi_done_Disable, .-spi_done_Disable
 483              		.section	.text.spi_done_SetPending,"ax",%progbits
 484              		.align	2
 485              		.global	spi_done_SetPending
 486              		.thumb
 487              		.thumb_func
 488              		.type	spi_done_SetPending, %function
 489              	spi_done_SetPending:
 490              	.LFB11:
 357:Generated_Source\PSoC5/spi_done.c **** 
 358:Generated_Source\PSoC5/spi_done.c **** 
 359:Generated_Source\PSoC5/spi_done.c **** /*******************************************************************************
 360:Generated_Source\PSoC5/spi_done.c **** * Function Name: spi_done_SetPending
 361:Generated_Source\PSoC5/spi_done.c **** ********************************************************************************
 362:Generated_Source\PSoC5/spi_done.c **** *
 363:Generated_Source\PSoC5/spi_done.c **** * Summary:
 364:Generated_Source\PSoC5/spi_done.c **** *   Causes the Interrupt to enter the pending state, a software method of
 365:Generated_Source\PSoC5/spi_done.c **** *   generating the interrupt.
ARM GAS  C:\Users\Matthew\AppData\Local\Temp\ccwjZYHX.s 			page 16


 366:Generated_Source\PSoC5/spi_done.c **** *
 367:Generated_Source\PSoC5/spi_done.c **** * Parameters:
 368:Generated_Source\PSoC5/spi_done.c **** *   None
 369:Generated_Source\PSoC5/spi_done.c **** *
 370:Generated_Source\PSoC5/spi_done.c **** * Return:
 371:Generated_Source\PSoC5/spi_done.c **** *   None
 372:Generated_Source\PSoC5/spi_done.c **** *
 373:Generated_Source\PSoC5/spi_done.c **** * Side Effects:
 374:Generated_Source\PSoC5/spi_done.c **** *   If interrupts are enabled and the interrupt is set up properly, the ISR is
 375:Generated_Source\PSoC5/spi_done.c **** *   entered (depending on the priority of this interrupt and other pending 
 376:Generated_Source\PSoC5/spi_done.c **** *   interrupts).
 377:Generated_Source\PSoC5/spi_done.c **** *
 378:Generated_Source\PSoC5/spi_done.c **** *******************************************************************************/
 379:Generated_Source\PSoC5/spi_done.c **** void spi_done_SetPending(void)
 380:Generated_Source\PSoC5/spi_done.c **** {
 491              		.loc 1 380 0
 492              		.cfi_startproc
 493              		@ args = 0, pretend = 0, frame = 0
 494              		@ frame_needed = 1, uses_anonymous_args = 0
 495              		@ link register save eliminated.
 496 0000 80B4     		push	{r7}
 497              		.cfi_def_cfa_offset 4
 498              		.cfi_offset 7, -4
 499 0002 00AF     		add	r7, sp, #0
 500              		.cfi_def_cfa_register 7
 381:Generated_Source\PSoC5/spi_done.c ****     *spi_done_INTC_SET_PD = spi_done__INTC_MASK;
 501              		.loc 1 381 0
 502 0004 034B     		ldr	r3, .L38
 503 0006 0422     		movs	r2, #4
 504 0008 1A60     		str	r2, [r3]
 382:Generated_Source\PSoC5/spi_done.c **** }
 505              		.loc 1 382 0
 506 000a 00BF     		nop
 507 000c BD46     		mov	sp, r7
 508              		.cfi_def_cfa_register 13
 509              		@ sp needed
 510 000e 80BC     		pop	{r7}
 511              		.cfi_restore 7
 512              		.cfi_def_cfa_offset 0
 513 0010 7047     		bx	lr
 514              	.L39:
 515 0012 00BF     		.align	2
 516              	.L38:
 517 0014 00E200E0 		.word	-536813056
 518              		.cfi_endproc
 519              	.LFE11:
 520              		.size	spi_done_SetPending, .-spi_done_SetPending
 521              		.section	.text.spi_done_ClearPending,"ax",%progbits
 522              		.align	2
 523              		.global	spi_done_ClearPending
 524              		.thumb
 525              		.thumb_func
 526              		.type	spi_done_ClearPending, %function
 527              	spi_done_ClearPending:
 528              	.LFB12:
 383:Generated_Source\PSoC5/spi_done.c **** 
 384:Generated_Source\PSoC5/spi_done.c **** 
ARM GAS  C:\Users\Matthew\AppData\Local\Temp\ccwjZYHX.s 			page 17


 385:Generated_Source\PSoC5/spi_done.c **** /*******************************************************************************
 386:Generated_Source\PSoC5/spi_done.c **** * Function Name: spi_done_ClearPending
 387:Generated_Source\PSoC5/spi_done.c **** ********************************************************************************
 388:Generated_Source\PSoC5/spi_done.c **** *
 389:Generated_Source\PSoC5/spi_done.c **** * Summary:
 390:Generated_Source\PSoC5/spi_done.c **** *   Clears a pending interrupt in the interrupt controller.
 391:Generated_Source\PSoC5/spi_done.c **** *
 392:Generated_Source\PSoC5/spi_done.c **** *   Note Some interrupt sources are clear-on-read and require the block 
 393:Generated_Source\PSoC5/spi_done.c **** *   interrupt/status register to be read/cleared with the appropriate block API 
 394:Generated_Source\PSoC5/spi_done.c **** *   (GPIO, UART, and so on). Otherwise the ISR will continue to remain in 
 395:Generated_Source\PSoC5/spi_done.c **** *   pending state even though the interrupt itself is cleared using this API.
 396:Generated_Source\PSoC5/spi_done.c **** *
 397:Generated_Source\PSoC5/spi_done.c **** * Parameters:
 398:Generated_Source\PSoC5/spi_done.c **** *   None
 399:Generated_Source\PSoC5/spi_done.c **** *
 400:Generated_Source\PSoC5/spi_done.c **** * Return:
 401:Generated_Source\PSoC5/spi_done.c **** *   None
 402:Generated_Source\PSoC5/spi_done.c **** *
 403:Generated_Source\PSoC5/spi_done.c **** *******************************************************************************/
 404:Generated_Source\PSoC5/spi_done.c **** void spi_done_ClearPending(void)
 405:Generated_Source\PSoC5/spi_done.c **** {
 529              		.loc 1 405 0
 530              		.cfi_startproc
 531              		@ args = 0, pretend = 0, frame = 0
 532              		@ frame_needed = 1, uses_anonymous_args = 0
 533              		@ link register save eliminated.
 534 0000 80B4     		push	{r7}
 535              		.cfi_def_cfa_offset 4
 536              		.cfi_offset 7, -4
 537 0002 00AF     		add	r7, sp, #0
 538              		.cfi_def_cfa_register 7
 406:Generated_Source\PSoC5/spi_done.c ****     *spi_done_INTC_CLR_PD = spi_done__INTC_MASK;
 539              		.loc 1 406 0
 540 0004 034B     		ldr	r3, .L41
 541 0006 0422     		movs	r2, #4
 542 0008 1A60     		str	r2, [r3]
 407:Generated_Source\PSoC5/spi_done.c **** }
 543              		.loc 1 407 0
 544 000a 00BF     		nop
 545 000c BD46     		mov	sp, r7
 546              		.cfi_def_cfa_register 13
 547              		@ sp needed
 548 000e 80BC     		pop	{r7}
 549              		.cfi_restore 7
 550              		.cfi_def_cfa_offset 0
 551 0010 7047     		bx	lr
 552              	.L42:
 553 0012 00BF     		.align	2
 554              	.L41:
 555 0014 80E200E0 		.word	-536812928
 556              		.cfi_endproc
 557              	.LFE12:
 558              		.size	spi_done_ClearPending, .-spi_done_ClearPending
 559              		.text
 560              	.Letext0:
 561              		.file 2 "Generated_Source\\PSoC5/cytypes.h"
 562              		.section	.debug_info,"",%progbits
ARM GAS  C:\Users\Matthew\AppData\Local\Temp\ccwjZYHX.s 			page 18


 563              	.Ldebug_info0:
 564 0000 4E020000 		.4byte	0x24e
 565 0004 0400     		.2byte	0x4
 566 0006 00000000 		.4byte	.Ldebug_abbrev0
 567 000a 04       		.byte	0x4
 568 000b 01       		.uleb128 0x1
 569 000c 16000000 		.4byte	.LASF34
 570 0010 0C       		.byte	0xc
 571 0011 A4000000 		.4byte	.LASF35
 572 0015 B9010000 		.4byte	.LASF36
 573 0019 00000000 		.4byte	.Ldebug_ranges0+0
 574 001d 00000000 		.4byte	0
 575 0021 00000000 		.4byte	.Ldebug_line0
 576 0025 02       		.uleb128 0x2
 577 0026 04       		.byte	0x4
 578 0027 05       		.byte	0x5
 579 0028 696E7400 		.ascii	"int\000"
 580 002c 03       		.uleb128 0x3
 581 002d 04       		.byte	0x4
 582 002e 07       		.byte	0x7
 583 002f 77010000 		.4byte	.LASF0
 584 0033 03       		.uleb128 0x3
 585 0034 08       		.byte	0x8
 586 0035 05       		.byte	0x5
 587 0036 84020000 		.4byte	.LASF1
 588 003a 03       		.uleb128 0x3
 589 003b 08       		.byte	0x8
 590 003c 04       		.byte	0x4
 591 003d E6020000 		.4byte	.LASF2
 592 0041 03       		.uleb128 0x3
 593 0042 01       		.byte	0x1
 594 0043 06       		.byte	0x6
 595 0044 CC000000 		.4byte	.LASF3
 596 0048 03       		.uleb128 0x3
 597 0049 01       		.byte	0x1
 598 004a 08       		.byte	0x8
 599 004b 44010000 		.4byte	.LASF4
 600 004f 03       		.uleb128 0x3
 601 0050 02       		.byte	0x2
 602 0051 05       		.byte	0x5
 603 0052 CD020000 		.4byte	.LASF5
 604 0056 03       		.uleb128 0x3
 605 0057 02       		.byte	0x2
 606 0058 07       		.byte	0x7
 607 0059 1F010000 		.4byte	.LASF6
 608 005d 03       		.uleb128 0x3
 609 005e 04       		.byte	0x4
 610 005f 05       		.byte	0x5
 611 0060 DD020000 		.4byte	.LASF7
 612 0064 03       		.uleb128 0x3
 613 0065 04       		.byte	0x4
 614 0066 07       		.byte	0x7
 615 0067 0D010000 		.4byte	.LASF8
 616 006b 03       		.uleb128 0x3
 617 006c 08       		.byte	0x8
 618 006d 07       		.byte	0x7
 619 006e A2010000 		.4byte	.LASF9
ARM GAS  C:\Users\Matthew\AppData\Local\Temp\ccwjZYHX.s 			page 19


 620 0072 03       		.uleb128 0x3
 621 0073 04       		.byte	0x4
 622 0074 07       		.byte	0x7
 623 0075 7B020000 		.4byte	.LASF10
 624 0079 03       		.uleb128 0x3
 625 007a 01       		.byte	0x1
 626 007b 08       		.byte	0x8
 627 007c 92020000 		.4byte	.LASF11
 628 0080 04       		.uleb128 0x4
 629 0081 04       		.byte	0x4
 630 0082 86000000 		.4byte	0x86
 631 0086 05       		.uleb128 0x5
 632 0087 06       		.uleb128 0x6
 633 0088 D7020000 		.4byte	.LASF12
 634 008c 02       		.byte	0x2
 635 008d 9201     		.2byte	0x192
 636 008f 48000000 		.4byte	0x48
 637 0093 06       		.uleb128 0x6
 638 0094 70010000 		.4byte	.LASF13
 639 0098 02       		.byte	0x2
 640 0099 9401     		.2byte	0x194
 641 009b 64000000 		.4byte	0x64
 642 009f 03       		.uleb128 0x3
 643 00a0 04       		.byte	0x4
 644 00a1 04       		.byte	0x4
 645 00a2 C6000000 		.4byte	.LASF14
 646 00a6 03       		.uleb128 0x3
 647 00a7 08       		.byte	0x8
 648 00a8 04       		.byte	0x4
 649 00a9 52010000 		.4byte	.LASF15
 650 00ad 06       		.uleb128 0x6
 651 00ae 00010000 		.4byte	.LASF16
 652 00b2 02       		.byte	0x2
 653 00b3 3C02     		.2byte	0x23c
 654 00b5 B9000000 		.4byte	0xb9
 655 00b9 07       		.uleb128 0x7
 656 00ba 87000000 		.4byte	0x87
 657 00be 06       		.uleb128 0x6
 658 00bf 00000000 		.4byte	.LASF17
 659 00c3 02       		.byte	0x2
 660 00c4 3E02     		.2byte	0x23e
 661 00c6 CA000000 		.4byte	0xca
 662 00ca 07       		.uleb128 0x7
 663 00cb 93000000 		.4byte	0x93
 664 00cf 06       		.uleb128 0x6
 665 00d0 39020000 		.4byte	.LASF18
 666 00d4 02       		.byte	0x2
 667 00d5 4E02     		.2byte	0x24e
 668 00d7 80000000 		.4byte	0x80
 669 00db 08       		.uleb128 0x8
 670 00dc 59020000 		.4byte	.LASF19
 671 00e0 01       		.byte	0x1
 672 00e1 3F       		.byte	0x3f
 673 00e2 00000000 		.4byte	.LFB0
 674 00e6 20000000 		.4byte	.LFE0-.LFB0
 675 00ea 01       		.uleb128 0x1
 676 00eb 9C       		.byte	0x9c
ARM GAS  C:\Users\Matthew\AppData\Local\Temp\ccwjZYHX.s 			page 20


 677 00ec 09       		.uleb128 0x9
 678 00ed 28020000 		.4byte	.LASF22
 679 00f1 01       		.byte	0x1
 680 00f2 6A       		.byte	0x6a
 681 00f3 00000000 		.4byte	.LFB1
 682 00f7 24000000 		.4byte	.LFE1-.LFB1
 683 00fb 01       		.uleb128 0x1
 684 00fc 9C       		.byte	0x9c
 685 00fd 10010000 		.4byte	0x110
 686 0101 0A       		.uleb128 0xa
 687 0102 05010000 		.4byte	.LASF24
 688 0106 01       		.byte	0x1
 689 0107 6A       		.byte	0x6a
 690 0108 CF000000 		.4byte	0xcf
 691 010c 02       		.uleb128 0x2
 692 010d 91       		.byte	0x91
 693 010e 74       		.sleb128 -12
 694 010f 00       		.byte	0
 695 0110 08       		.uleb128 0x8
 696 0111 59010000 		.4byte	.LASF20
 697 0115 01       		.byte	0x1
 698 0116 88       		.byte	0x88
 699 0117 00000000 		.4byte	.LFB2
 700 011b 18000000 		.4byte	.LFE2-.LFB2
 701 011f 01       		.uleb128 0x1
 702 0120 9C       		.byte	0x9c
 703 0121 08       		.uleb128 0x8
 704 0122 68020000 		.4byte	.LASF21
 705 0126 01       		.byte	0x1
 706 0127 A2       		.byte	0xa2
 707 0128 00000000 		.4byte	.LFB3
 708 012c 18000000 		.4byte	.LFE3-.LFB3
 709 0130 01       		.uleb128 0x1
 710 0131 9C       		.byte	0x9c
 711 0132 0B       		.uleb128 0xb
 712 0133 D8000000 		.4byte	.LASF23
 713 0137 01       		.byte	0x1
 714 0138 CB       		.byte	0xcb
 715 0139 00000000 		.4byte	.LFB4
 716 013d 24000000 		.4byte	.LFE4-.LFB4
 717 0141 01       		.uleb128 0x1
 718 0142 9C       		.byte	0x9c
 719 0143 64010000 		.4byte	0x164
 720 0147 0A       		.uleb128 0xa
 721 0148 05010000 		.4byte	.LASF24
 722 014c 01       		.byte	0x1
 723 014d CB       		.byte	0xcb
 724 014e CF000000 		.4byte	0xcf
 725 0152 02       		.uleb128 0x2
 726 0153 91       		.byte	0x91
 727 0154 6C       		.sleb128 -20
 728 0155 0C       		.uleb128 0xc
 729 0156 97020000 		.4byte	.LASF25
 730 015a 01       		.byte	0x1
 731 015b CD       		.byte	0xcd
 732 015c 64010000 		.4byte	0x164
 733 0160 02       		.uleb128 0x2
ARM GAS  C:\Users\Matthew\AppData\Local\Temp\ccwjZYHX.s 			page 21


 734 0161 91       		.byte	0x91
 735 0162 74       		.sleb128 -12
 736 0163 00       		.byte	0
 737 0164 04       		.uleb128 0x4
 738 0165 04       		.byte	0x4
 739 0166 CF000000 		.4byte	0xcf
 740 016a 0D       		.uleb128 0xd
 741 016b 46020000 		.4byte	.LASF28
 742 016f 01       		.byte	0x1
 743 0170 E3       		.byte	0xe3
 744 0171 CF000000 		.4byte	0xcf
 745 0175 00000000 		.4byte	.LFB5
 746 0179 20000000 		.4byte	.LFE5-.LFB5
 747 017d 01       		.uleb128 0x1
 748 017e 9C       		.byte	0x9c
 749 017f 92010000 		.4byte	0x192
 750 0183 0C       		.uleb128 0xc
 751 0184 97020000 		.4byte	.LASF25
 752 0188 01       		.byte	0x1
 753 0189 E5       		.byte	0xe5
 754 018a 64010000 		.4byte	0x164
 755 018e 02       		.uleb128 0x2
 756 018f 91       		.byte	0x91
 757 0190 74       		.sleb128 -12
 758 0191 00       		.byte	0
 759 0192 0E       		.uleb128 0xe
 760 0193 8D010000 		.4byte	.LASF26
 761 0197 01       		.byte	0x1
 762 0198 0501     		.2byte	0x105
 763 019a 00000000 		.4byte	.LFB6
 764 019e 24000000 		.4byte	.LFE6-.LFB6
 765 01a2 01       		.uleb128 0x1
 766 01a3 9C       		.byte	0x9c
 767 01a4 B8010000 		.4byte	0x1b8
 768 01a8 0F       		.uleb128 0xf
 769 01a9 67010000 		.4byte	.LASF27
 770 01ad 01       		.byte	0x1
 771 01ae 0501     		.2byte	0x105
 772 01b0 87000000 		.4byte	0x87
 773 01b4 02       		.uleb128 0x2
 774 01b5 91       		.byte	0x91
 775 01b6 77       		.sleb128 -9
 776 01b7 00       		.byte	0
 777 01b8 10       		.uleb128 0x10
 778 01b9 EB000000 		.4byte	.LASF29
 779 01bd 01       		.byte	0x1
 780 01be 1B01     		.2byte	0x11b
 781 01c0 87000000 		.4byte	0x87
 782 01c4 00000000 		.4byte	.LFB7
 783 01c8 20000000 		.4byte	.LFE7-.LFB7
 784 01cc 01       		.uleb128 0x1
 785 01cd 9C       		.byte	0x9c
 786 01ce E2010000 		.4byte	0x1e2
 787 01d2 11       		.uleb128 0x11
 788 01d3 67010000 		.4byte	.LASF27
 789 01d7 01       		.byte	0x1
 790 01d8 1D01     		.2byte	0x11d
ARM GAS  C:\Users\Matthew\AppData\Local\Temp\ccwjZYHX.s 			page 22


 791 01da 87000000 		.4byte	0x87
 792 01de 02       		.uleb128 0x2
 793 01df 91       		.byte	0x91
 794 01e0 77       		.sleb128 -9
 795 01e1 00       		.byte	0
 796 01e2 12       		.uleb128 0x12
 797 01e3 06000000 		.4byte	.LASF30
 798 01e7 01       		.byte	0x1
 799 01e8 3601     		.2byte	0x136
 800 01ea 00000000 		.4byte	.LFB8
 801 01ee 18000000 		.4byte	.LFE8-.LFB8
 802 01f2 01       		.uleb128 0x1
 803 01f3 9C       		.byte	0x9c
 804 01f4 13       		.uleb128 0x13
 805 01f5 32010000 		.4byte	.LASF37
 806 01f9 01       		.byte	0x1
 807 01fa 4B01     		.2byte	0x14b
 808 01fc 87000000 		.4byte	0x87
 809 0200 00000000 		.4byte	.LFB9
 810 0204 24000000 		.4byte	.LFE9-.LFB9
 811 0208 01       		.uleb128 0x1
 812 0209 9C       		.byte	0x9c
 813 020a 12       		.uleb128 0x12
 814 020b A6020000 		.4byte	.LASF31
 815 020f 01       		.byte	0x1
 816 0210 6001     		.2byte	0x160
 817 0212 00000000 		.4byte	.LFB10
 818 0216 18000000 		.4byte	.LFE10-.LFB10
 819 021a 01       		.uleb128 0x1
 820 021b 9C       		.byte	0x9c
 821 021c 12       		.uleb128 0x12
 822 021d F2020000 		.4byte	.LASF32
 823 0221 01       		.byte	0x1
 824 0222 7B01     		.2byte	0x17b
 825 0224 00000000 		.4byte	.LFB11
 826 0228 18000000 		.4byte	.LFE11-.LFB11
 827 022c 01       		.uleb128 0x1
 828 022d 9C       		.byte	0x9c
 829 022e 12       		.uleb128 0x12
 830 022f B7020000 		.4byte	.LASF33
 831 0233 01       		.byte	0x1
 832 0234 9401     		.2byte	0x194
 833 0236 00000000 		.4byte	.LFB12
 834 023a 18000000 		.4byte	.LFE12-.LFB12
 835 023e 01       		.uleb128 0x1
 836 023f 9C       		.byte	0x9c
 837 0240 14       		.uleb128 0x14
 838 0241 84010000 		.4byte	.LASF38
 839 0245 01       		.byte	0x1
 840 0246 20       		.byte	0x20
 841 0247 25000000 		.4byte	0x25
 842 024b 05       		.uleb128 0x5
 843 024c 03       		.byte	0x3
 844 024d 00000000 		.4byte	spi_done
 845 0251 00       		.byte	0
 846              		.section	.debug_abbrev,"",%progbits
 847              	.Ldebug_abbrev0:
ARM GAS  C:\Users\Matthew\AppData\Local\Temp\ccwjZYHX.s 			page 23


 848 0000 01       		.uleb128 0x1
 849 0001 11       		.uleb128 0x11
 850 0002 01       		.byte	0x1
 851 0003 25       		.uleb128 0x25
 852 0004 0E       		.uleb128 0xe
 853 0005 13       		.uleb128 0x13
 854 0006 0B       		.uleb128 0xb
 855 0007 03       		.uleb128 0x3
 856 0008 0E       		.uleb128 0xe
 857 0009 1B       		.uleb128 0x1b
 858 000a 0E       		.uleb128 0xe
 859 000b 55       		.uleb128 0x55
 860 000c 17       		.uleb128 0x17
 861 000d 11       		.uleb128 0x11
 862 000e 01       		.uleb128 0x1
 863 000f 10       		.uleb128 0x10
 864 0010 17       		.uleb128 0x17
 865 0011 00       		.byte	0
 866 0012 00       		.byte	0
 867 0013 02       		.uleb128 0x2
 868 0014 24       		.uleb128 0x24
 869 0015 00       		.byte	0
 870 0016 0B       		.uleb128 0xb
 871 0017 0B       		.uleb128 0xb
 872 0018 3E       		.uleb128 0x3e
 873 0019 0B       		.uleb128 0xb
 874 001a 03       		.uleb128 0x3
 875 001b 08       		.uleb128 0x8
 876 001c 00       		.byte	0
 877 001d 00       		.byte	0
 878 001e 03       		.uleb128 0x3
 879 001f 24       		.uleb128 0x24
 880 0020 00       		.byte	0
 881 0021 0B       		.uleb128 0xb
 882 0022 0B       		.uleb128 0xb
 883 0023 3E       		.uleb128 0x3e
 884 0024 0B       		.uleb128 0xb
 885 0025 03       		.uleb128 0x3
 886 0026 0E       		.uleb128 0xe
 887 0027 00       		.byte	0
 888 0028 00       		.byte	0
 889 0029 04       		.uleb128 0x4
 890 002a 0F       		.uleb128 0xf
 891 002b 00       		.byte	0
 892 002c 0B       		.uleb128 0xb
 893 002d 0B       		.uleb128 0xb
 894 002e 49       		.uleb128 0x49
 895 002f 13       		.uleb128 0x13
 896 0030 00       		.byte	0
 897 0031 00       		.byte	0
 898 0032 05       		.uleb128 0x5
 899 0033 15       		.uleb128 0x15
 900 0034 00       		.byte	0
 901 0035 27       		.uleb128 0x27
 902 0036 19       		.uleb128 0x19
 903 0037 00       		.byte	0
 904 0038 00       		.byte	0
ARM GAS  C:\Users\Matthew\AppData\Local\Temp\ccwjZYHX.s 			page 24


 905 0039 06       		.uleb128 0x6
 906 003a 16       		.uleb128 0x16
 907 003b 00       		.byte	0
 908 003c 03       		.uleb128 0x3
 909 003d 0E       		.uleb128 0xe
 910 003e 3A       		.uleb128 0x3a
 911 003f 0B       		.uleb128 0xb
 912 0040 3B       		.uleb128 0x3b
 913 0041 05       		.uleb128 0x5
 914 0042 49       		.uleb128 0x49
 915 0043 13       		.uleb128 0x13
 916 0044 00       		.byte	0
 917 0045 00       		.byte	0
 918 0046 07       		.uleb128 0x7
 919 0047 35       		.uleb128 0x35
 920 0048 00       		.byte	0
 921 0049 49       		.uleb128 0x49
 922 004a 13       		.uleb128 0x13
 923 004b 00       		.byte	0
 924 004c 00       		.byte	0
 925 004d 08       		.uleb128 0x8
 926 004e 2E       		.uleb128 0x2e
 927 004f 00       		.byte	0
 928 0050 3F       		.uleb128 0x3f
 929 0051 19       		.uleb128 0x19
 930 0052 03       		.uleb128 0x3
 931 0053 0E       		.uleb128 0xe
 932 0054 3A       		.uleb128 0x3a
 933 0055 0B       		.uleb128 0xb
 934 0056 3B       		.uleb128 0x3b
 935 0057 0B       		.uleb128 0xb
 936 0058 27       		.uleb128 0x27
 937 0059 19       		.uleb128 0x19
 938 005a 11       		.uleb128 0x11
 939 005b 01       		.uleb128 0x1
 940 005c 12       		.uleb128 0x12
 941 005d 06       		.uleb128 0x6
 942 005e 40       		.uleb128 0x40
 943 005f 18       		.uleb128 0x18
 944 0060 9642     		.uleb128 0x2116
 945 0062 19       		.uleb128 0x19
 946 0063 00       		.byte	0
 947 0064 00       		.byte	0
 948 0065 09       		.uleb128 0x9
 949 0066 2E       		.uleb128 0x2e
 950 0067 01       		.byte	0x1
 951 0068 3F       		.uleb128 0x3f
 952 0069 19       		.uleb128 0x19
 953 006a 03       		.uleb128 0x3
 954 006b 0E       		.uleb128 0xe
 955 006c 3A       		.uleb128 0x3a
 956 006d 0B       		.uleb128 0xb
 957 006e 3B       		.uleb128 0x3b
 958 006f 0B       		.uleb128 0xb
 959 0070 27       		.uleb128 0x27
 960 0071 19       		.uleb128 0x19
 961 0072 11       		.uleb128 0x11
ARM GAS  C:\Users\Matthew\AppData\Local\Temp\ccwjZYHX.s 			page 25


 962 0073 01       		.uleb128 0x1
 963 0074 12       		.uleb128 0x12
 964 0075 06       		.uleb128 0x6
 965 0076 40       		.uleb128 0x40
 966 0077 18       		.uleb128 0x18
 967 0078 9642     		.uleb128 0x2116
 968 007a 19       		.uleb128 0x19
 969 007b 01       		.uleb128 0x1
 970 007c 13       		.uleb128 0x13
 971 007d 00       		.byte	0
 972 007e 00       		.byte	0
 973 007f 0A       		.uleb128 0xa
 974 0080 05       		.uleb128 0x5
 975 0081 00       		.byte	0
 976 0082 03       		.uleb128 0x3
 977 0083 0E       		.uleb128 0xe
 978 0084 3A       		.uleb128 0x3a
 979 0085 0B       		.uleb128 0xb
 980 0086 3B       		.uleb128 0x3b
 981 0087 0B       		.uleb128 0xb
 982 0088 49       		.uleb128 0x49
 983 0089 13       		.uleb128 0x13
 984 008a 02       		.uleb128 0x2
 985 008b 18       		.uleb128 0x18
 986 008c 00       		.byte	0
 987 008d 00       		.byte	0
 988 008e 0B       		.uleb128 0xb
 989 008f 2E       		.uleb128 0x2e
 990 0090 01       		.byte	0x1
 991 0091 3F       		.uleb128 0x3f
 992 0092 19       		.uleb128 0x19
 993 0093 03       		.uleb128 0x3
 994 0094 0E       		.uleb128 0xe
 995 0095 3A       		.uleb128 0x3a
 996 0096 0B       		.uleb128 0xb
 997 0097 3B       		.uleb128 0x3b
 998 0098 0B       		.uleb128 0xb
 999 0099 27       		.uleb128 0x27
 1000 009a 19       		.uleb128 0x19
 1001 009b 11       		.uleb128 0x11
 1002 009c 01       		.uleb128 0x1
 1003 009d 12       		.uleb128 0x12
 1004 009e 06       		.uleb128 0x6
 1005 009f 40       		.uleb128 0x40
 1006 00a0 18       		.uleb128 0x18
 1007 00a1 9742     		.uleb128 0x2117
 1008 00a3 19       		.uleb128 0x19
 1009 00a4 01       		.uleb128 0x1
 1010 00a5 13       		.uleb128 0x13
 1011 00a6 00       		.byte	0
 1012 00a7 00       		.byte	0
 1013 00a8 0C       		.uleb128 0xc
 1014 00a9 34       		.uleb128 0x34
 1015 00aa 00       		.byte	0
 1016 00ab 03       		.uleb128 0x3
 1017 00ac 0E       		.uleb128 0xe
 1018 00ad 3A       		.uleb128 0x3a
ARM GAS  C:\Users\Matthew\AppData\Local\Temp\ccwjZYHX.s 			page 26


 1019 00ae 0B       		.uleb128 0xb
 1020 00af 3B       		.uleb128 0x3b
 1021 00b0 0B       		.uleb128 0xb
 1022 00b1 49       		.uleb128 0x49
 1023 00b2 13       		.uleb128 0x13
 1024 00b3 02       		.uleb128 0x2
 1025 00b4 18       		.uleb128 0x18
 1026 00b5 00       		.byte	0
 1027 00b6 00       		.byte	0
 1028 00b7 0D       		.uleb128 0xd
 1029 00b8 2E       		.uleb128 0x2e
 1030 00b9 01       		.byte	0x1
 1031 00ba 3F       		.uleb128 0x3f
 1032 00bb 19       		.uleb128 0x19
 1033 00bc 03       		.uleb128 0x3
 1034 00bd 0E       		.uleb128 0xe
 1035 00be 3A       		.uleb128 0x3a
 1036 00bf 0B       		.uleb128 0xb
 1037 00c0 3B       		.uleb128 0x3b
 1038 00c1 0B       		.uleb128 0xb
 1039 00c2 27       		.uleb128 0x27
 1040 00c3 19       		.uleb128 0x19
 1041 00c4 49       		.uleb128 0x49
 1042 00c5 13       		.uleb128 0x13
 1043 00c6 11       		.uleb128 0x11
 1044 00c7 01       		.uleb128 0x1
 1045 00c8 12       		.uleb128 0x12
 1046 00c9 06       		.uleb128 0x6
 1047 00ca 40       		.uleb128 0x40
 1048 00cb 18       		.uleb128 0x18
 1049 00cc 9742     		.uleb128 0x2117
 1050 00ce 19       		.uleb128 0x19
 1051 00cf 01       		.uleb128 0x1
 1052 00d0 13       		.uleb128 0x13
 1053 00d1 00       		.byte	0
 1054 00d2 00       		.byte	0
 1055 00d3 0E       		.uleb128 0xe
 1056 00d4 2E       		.uleb128 0x2e
 1057 00d5 01       		.byte	0x1
 1058 00d6 3F       		.uleb128 0x3f
 1059 00d7 19       		.uleb128 0x19
 1060 00d8 03       		.uleb128 0x3
 1061 00d9 0E       		.uleb128 0xe
 1062 00da 3A       		.uleb128 0x3a
 1063 00db 0B       		.uleb128 0xb
 1064 00dc 3B       		.uleb128 0x3b
 1065 00dd 05       		.uleb128 0x5
 1066 00de 27       		.uleb128 0x27
 1067 00df 19       		.uleb128 0x19
 1068 00e0 11       		.uleb128 0x11
 1069 00e1 01       		.uleb128 0x1
 1070 00e2 12       		.uleb128 0x12
 1071 00e3 06       		.uleb128 0x6
 1072 00e4 40       		.uleb128 0x40
 1073 00e5 18       		.uleb128 0x18
 1074 00e6 9742     		.uleb128 0x2117
 1075 00e8 19       		.uleb128 0x19
ARM GAS  C:\Users\Matthew\AppData\Local\Temp\ccwjZYHX.s 			page 27


 1076 00e9 01       		.uleb128 0x1
 1077 00ea 13       		.uleb128 0x13
 1078 00eb 00       		.byte	0
 1079 00ec 00       		.byte	0
 1080 00ed 0F       		.uleb128 0xf
 1081 00ee 05       		.uleb128 0x5
 1082 00ef 00       		.byte	0
 1083 00f0 03       		.uleb128 0x3
 1084 00f1 0E       		.uleb128 0xe
 1085 00f2 3A       		.uleb128 0x3a
 1086 00f3 0B       		.uleb128 0xb
 1087 00f4 3B       		.uleb128 0x3b
 1088 00f5 05       		.uleb128 0x5
 1089 00f6 49       		.uleb128 0x49
 1090 00f7 13       		.uleb128 0x13
 1091 00f8 02       		.uleb128 0x2
 1092 00f9 18       		.uleb128 0x18
 1093 00fa 00       		.byte	0
 1094 00fb 00       		.byte	0
 1095 00fc 10       		.uleb128 0x10
 1096 00fd 2E       		.uleb128 0x2e
 1097 00fe 01       		.byte	0x1
 1098 00ff 3F       		.uleb128 0x3f
 1099 0100 19       		.uleb128 0x19
 1100 0101 03       		.uleb128 0x3
 1101 0102 0E       		.uleb128 0xe
 1102 0103 3A       		.uleb128 0x3a
 1103 0104 0B       		.uleb128 0xb
 1104 0105 3B       		.uleb128 0x3b
 1105 0106 05       		.uleb128 0x5
 1106 0107 27       		.uleb128 0x27
 1107 0108 19       		.uleb128 0x19
 1108 0109 49       		.uleb128 0x49
 1109 010a 13       		.uleb128 0x13
 1110 010b 11       		.uleb128 0x11
 1111 010c 01       		.uleb128 0x1
 1112 010d 12       		.uleb128 0x12
 1113 010e 06       		.uleb128 0x6
 1114 010f 40       		.uleb128 0x40
 1115 0110 18       		.uleb128 0x18
 1116 0111 9742     		.uleb128 0x2117
 1117 0113 19       		.uleb128 0x19
 1118 0114 01       		.uleb128 0x1
 1119 0115 13       		.uleb128 0x13
 1120 0116 00       		.byte	0
 1121 0117 00       		.byte	0
 1122 0118 11       		.uleb128 0x11
 1123 0119 34       		.uleb128 0x34
 1124 011a 00       		.byte	0
 1125 011b 03       		.uleb128 0x3
 1126 011c 0E       		.uleb128 0xe
 1127 011d 3A       		.uleb128 0x3a
 1128 011e 0B       		.uleb128 0xb
 1129 011f 3B       		.uleb128 0x3b
 1130 0120 05       		.uleb128 0x5
 1131 0121 49       		.uleb128 0x49
 1132 0122 13       		.uleb128 0x13
ARM GAS  C:\Users\Matthew\AppData\Local\Temp\ccwjZYHX.s 			page 28


 1133 0123 02       		.uleb128 0x2
 1134 0124 18       		.uleb128 0x18
 1135 0125 00       		.byte	0
 1136 0126 00       		.byte	0
 1137 0127 12       		.uleb128 0x12
 1138 0128 2E       		.uleb128 0x2e
 1139 0129 00       		.byte	0
 1140 012a 3F       		.uleb128 0x3f
 1141 012b 19       		.uleb128 0x19
 1142 012c 03       		.uleb128 0x3
 1143 012d 0E       		.uleb128 0xe
 1144 012e 3A       		.uleb128 0x3a
 1145 012f 0B       		.uleb128 0xb
 1146 0130 3B       		.uleb128 0x3b
 1147 0131 05       		.uleb128 0x5
 1148 0132 27       		.uleb128 0x27
 1149 0133 19       		.uleb128 0x19
 1150 0134 11       		.uleb128 0x11
 1151 0135 01       		.uleb128 0x1
 1152 0136 12       		.uleb128 0x12
 1153 0137 06       		.uleb128 0x6
 1154 0138 40       		.uleb128 0x40
 1155 0139 18       		.uleb128 0x18
 1156 013a 9742     		.uleb128 0x2117
 1157 013c 19       		.uleb128 0x19
 1158 013d 00       		.byte	0
 1159 013e 00       		.byte	0
 1160 013f 13       		.uleb128 0x13
 1161 0140 2E       		.uleb128 0x2e
 1162 0141 00       		.byte	0
 1163 0142 3F       		.uleb128 0x3f
 1164 0143 19       		.uleb128 0x19
 1165 0144 03       		.uleb128 0x3
 1166 0145 0E       		.uleb128 0xe
 1167 0146 3A       		.uleb128 0x3a
 1168 0147 0B       		.uleb128 0xb
 1169 0148 3B       		.uleb128 0x3b
 1170 0149 05       		.uleb128 0x5
 1171 014a 27       		.uleb128 0x27
 1172 014b 19       		.uleb128 0x19
 1173 014c 49       		.uleb128 0x49
 1174 014d 13       		.uleb128 0x13
 1175 014e 11       		.uleb128 0x11
 1176 014f 01       		.uleb128 0x1
 1177 0150 12       		.uleb128 0x12
 1178 0151 06       		.uleb128 0x6
 1179 0152 40       		.uleb128 0x40
 1180 0153 18       		.uleb128 0x18
 1181 0154 9742     		.uleb128 0x2117
 1182 0156 19       		.uleb128 0x19
 1183 0157 00       		.byte	0
 1184 0158 00       		.byte	0
 1185 0159 14       		.uleb128 0x14
 1186 015a 34       		.uleb128 0x34
 1187 015b 00       		.byte	0
 1188 015c 03       		.uleb128 0x3
 1189 015d 0E       		.uleb128 0xe
ARM GAS  C:\Users\Matthew\AppData\Local\Temp\ccwjZYHX.s 			page 29


 1190 015e 3A       		.uleb128 0x3a
 1191 015f 0B       		.uleb128 0xb
 1192 0160 3B       		.uleb128 0x3b
 1193 0161 0B       		.uleb128 0xb
 1194 0162 49       		.uleb128 0x49
 1195 0163 13       		.uleb128 0x13
 1196 0164 3F       		.uleb128 0x3f
 1197 0165 19       		.uleb128 0x19
 1198 0166 02       		.uleb128 0x2
 1199 0167 18       		.uleb128 0x18
 1200 0168 00       		.byte	0
 1201 0169 00       		.byte	0
 1202 016a 00       		.byte	0
 1203              		.section	.debug_aranges,"",%progbits
 1204 0000 7C000000 		.4byte	0x7c
 1205 0004 0200     		.2byte	0x2
 1206 0006 00000000 		.4byte	.Ldebug_info0
 1207 000a 04       		.byte	0x4
 1208 000b 00       		.byte	0
 1209 000c 0000     		.2byte	0
 1210 000e 0000     		.2byte	0
 1211 0010 00000000 		.4byte	.LFB0
 1212 0014 20000000 		.4byte	.LFE0-.LFB0
 1213 0018 00000000 		.4byte	.LFB1
 1214 001c 24000000 		.4byte	.LFE1-.LFB1
 1215 0020 00000000 		.4byte	.LFB2
 1216 0024 18000000 		.4byte	.LFE2-.LFB2
 1217 0028 00000000 		.4byte	.LFB3
 1218 002c 18000000 		.4byte	.LFE3-.LFB3
 1219 0030 00000000 		.4byte	.LFB4
 1220 0034 24000000 		.4byte	.LFE4-.LFB4
 1221 0038 00000000 		.4byte	.LFB5
 1222 003c 20000000 		.4byte	.LFE5-.LFB5
 1223 0040 00000000 		.4byte	.LFB6
 1224 0044 24000000 		.4byte	.LFE6-.LFB6
 1225 0048 00000000 		.4byte	.LFB7
 1226 004c 20000000 		.4byte	.LFE7-.LFB7
 1227 0050 00000000 		.4byte	.LFB8
 1228 0054 18000000 		.4byte	.LFE8-.LFB8
 1229 0058 00000000 		.4byte	.LFB9
 1230 005c 24000000 		.4byte	.LFE9-.LFB9
 1231 0060 00000000 		.4byte	.LFB10
 1232 0064 18000000 		.4byte	.LFE10-.LFB10
 1233 0068 00000000 		.4byte	.LFB11
 1234 006c 18000000 		.4byte	.LFE11-.LFB11
 1235 0070 00000000 		.4byte	.LFB12
 1236 0074 18000000 		.4byte	.LFE12-.LFB12
 1237 0078 00000000 		.4byte	0
 1238 007c 00000000 		.4byte	0
 1239              		.section	.debug_ranges,"",%progbits
 1240              	.Ldebug_ranges0:
 1241 0000 00000000 		.4byte	.LFB0
 1242 0004 20000000 		.4byte	.LFE0
 1243 0008 00000000 		.4byte	.LFB1
 1244 000c 24000000 		.4byte	.LFE1
 1245 0010 00000000 		.4byte	.LFB2
 1246 0014 18000000 		.4byte	.LFE2
ARM GAS  C:\Users\Matthew\AppData\Local\Temp\ccwjZYHX.s 			page 30


 1247 0018 00000000 		.4byte	.LFB3
 1248 001c 18000000 		.4byte	.LFE3
 1249 0020 00000000 		.4byte	.LFB4
 1250 0024 24000000 		.4byte	.LFE4
 1251 0028 00000000 		.4byte	.LFB5
 1252 002c 20000000 		.4byte	.LFE5
 1253 0030 00000000 		.4byte	.LFB6
 1254 0034 24000000 		.4byte	.LFE6
 1255 0038 00000000 		.4byte	.LFB7
 1256 003c 20000000 		.4byte	.LFE7
 1257 0040 00000000 		.4byte	.LFB8
 1258 0044 18000000 		.4byte	.LFE8
 1259 0048 00000000 		.4byte	.LFB9
 1260 004c 24000000 		.4byte	.LFE9
 1261 0050 00000000 		.4byte	.LFB10
 1262 0054 18000000 		.4byte	.LFE10
 1263 0058 00000000 		.4byte	.LFB11
 1264 005c 18000000 		.4byte	.LFE11
 1265 0060 00000000 		.4byte	.LFB12
 1266 0064 18000000 		.4byte	.LFE12
 1267 0068 00000000 		.4byte	0
 1268 006c 00000000 		.4byte	0
 1269              		.section	.debug_line,"",%progbits
 1270              	.Ldebug_line0:
 1271 0000 4F010000 		.section	.debug_str,"MS",%progbits,1
 1271      02004500 
 1271      00000201 
 1271      FB0E0D00 
 1271      01010101 
 1272              	.LASF17:
 1273 0000 72656733 		.ascii	"reg32\000"
 1273      3200
 1274              	.LASF30:
 1275 0006 7370695F 		.ascii	"spi_done_Enable\000"
 1275      646F6E65 
 1275      5F456E61 
 1275      626C6500 
 1276              	.LASF34:
 1277 0016 474E5520 		.ascii	"GNU C11 5.4.1 20160609 (release) [ARM/embedded-5-br"
 1277      43313120 
 1277      352E342E 
 1277      31203230 
 1277      31363036 
 1278 0049 616E6368 		.ascii	"anch revision 237715] -mcpu=cortex-m3 -mthumb -g -O"
 1278      20726576 
 1278      6973696F 
 1278      6E203233 
 1278      37373135 
 1279 007c 30202D66 		.ascii	"0 -ffunction-sections -ffat-lto-objects\000"
 1279      66756E63 
 1279      74696F6E 
 1279      2D736563 
 1279      74696F6E 
 1280              	.LASF35:
 1281 00a4 47656E65 		.ascii	"Generated_Source\\PSoC5\\spi_done.c\000"
 1281      72617465 
 1281      645F536F 
ARM GAS  C:\Users\Matthew\AppData\Local\Temp\ccwjZYHX.s 			page 31


 1281      75726365 
 1281      5C50536F 
 1282              	.LASF14:
 1283 00c6 666C6F61 		.ascii	"float\000"
 1283      7400
 1284              	.LASF3:
 1285 00cc 7369676E 		.ascii	"signed char\000"
 1285      65642063 
 1285      68617200 
 1286              	.LASF23:
 1287 00d8 7370695F 		.ascii	"spi_done_SetVector\000"
 1287      646F6E65 
 1287      5F536574 
 1287      56656374 
 1287      6F7200
 1288              	.LASF29:
 1289 00eb 7370695F 		.ascii	"spi_done_GetPriority\000"
 1289      646F6E65 
 1289      5F476574 
 1289      5072696F 
 1289      72697479 
 1290              	.LASF16:
 1291 0100 72656738 		.ascii	"reg8\000"
 1291      00
 1292              	.LASF24:
 1293 0105 61646472 		.ascii	"address\000"
 1293      65737300 
 1294              	.LASF8:
 1295 010d 6C6F6E67 		.ascii	"long unsigned int\000"
 1295      20756E73 
 1295      69676E65 
 1295      6420696E 
 1295      7400
 1296              	.LASF6:
 1297 011f 73686F72 		.ascii	"short unsigned int\000"
 1297      7420756E 
 1297      7369676E 
 1297      65642069 
 1297      6E7400
 1298              	.LASF37:
 1299 0132 7370695F 		.ascii	"spi_done_GetState\000"
 1299      646F6E65 
 1299      5F476574 
 1299      53746174 
 1299      6500
 1300              	.LASF4:
 1301 0144 756E7369 		.ascii	"unsigned char\000"
 1301      676E6564 
 1301      20636861 
 1301      7200
 1302              	.LASF15:
 1303 0152 646F7562 		.ascii	"double\000"
 1303      6C6500
 1304              	.LASF20:
 1305 0159 7370695F 		.ascii	"spi_done_Stop\000"
 1305      646F6E65 
 1305      5F53746F 
ARM GAS  C:\Users\Matthew\AppData\Local\Temp\ccwjZYHX.s 			page 32


 1305      7000
 1306              	.LASF27:
 1307 0167 7072696F 		.ascii	"priority\000"
 1307      72697479 
 1307      00
 1308              	.LASF13:
 1309 0170 75696E74 		.ascii	"uint32\000"
 1309      333200
 1310              	.LASF0:
 1311 0177 756E7369 		.ascii	"unsigned int\000"
 1311      676E6564 
 1311      20696E74 
 1311      00
 1312              	.LASF38:
 1313 0184 7370695F 		.ascii	"spi_done\000"
 1313      646F6E65 
 1313      00
 1314              	.LASF26:
 1315 018d 7370695F 		.ascii	"spi_done_SetPriority\000"
 1315      646F6E65 
 1315      5F536574 
 1315      5072696F 
 1315      72697479 
 1316              	.LASF9:
 1317 01a2 6C6F6E67 		.ascii	"long long unsigned int\000"
 1317      206C6F6E 
 1317      6720756E 
 1317      7369676E 
 1317      65642069 
 1318              	.LASF36:
 1319 01b9 433A5C55 		.ascii	"C:\\Users\\Matthew\\Dropbox (MIT)\\Sophomore Spring"
 1319      73657273 
 1319      5C4D6174 
 1319      74686577 
 1319      5C44726F 
 1320 01e8 5C362E31 		.ascii	"\\6.115\\6.115-Labs\\project\\DVDAC_Example01\\DVDA"
 1320      31355C36 
 1320      2E313135 
 1320      2D4C6162 
 1320      735C7072 
 1321 0216 435F4578 		.ascii	"C_Example01.cydsn\000"
 1321      616D706C 
 1321      6530312E 
 1321      63796473 
 1321      6E00
 1322              	.LASF22:
 1323 0228 7370695F 		.ascii	"spi_done_StartEx\000"
 1323      646F6E65 
 1323      5F537461 
 1323      72744578 
 1323      00
 1324              	.LASF18:
 1325 0239 63796973 		.ascii	"cyisraddress\000"
 1325      72616464 
 1325      72657373 
 1325      00
 1326              	.LASF28:
ARM GAS  C:\Users\Matthew\AppData\Local\Temp\ccwjZYHX.s 			page 33


 1327 0246 7370695F 		.ascii	"spi_done_GetVector\000"
 1327      646F6E65 
 1327      5F476574 
 1327      56656374 
 1327      6F7200
 1328              	.LASF19:
 1329 0259 7370695F 		.ascii	"spi_done_Start\000"
 1329      646F6E65 
 1329      5F537461 
 1329      727400
 1330              	.LASF21:
 1331 0268 7370695F 		.ascii	"spi_done_Interrupt\000"
 1331      646F6E65 
 1331      5F496E74 
 1331      65727275 
 1331      707400
 1332              	.LASF10:
 1333 027b 73697A65 		.ascii	"sizetype\000"
 1333      74797065 
 1333      00
 1334              	.LASF1:
 1335 0284 6C6F6E67 		.ascii	"long long int\000"
 1335      206C6F6E 
 1335      6720696E 
 1335      7400
 1336              	.LASF11:
 1337 0292 63686172 		.ascii	"char\000"
 1337      00
 1338              	.LASF25:
 1339 0297 72616D56 		.ascii	"ramVectorTable\000"
 1339      6563746F 
 1339      72546162 
 1339      6C6500
 1340              	.LASF31:
 1341 02a6 7370695F 		.ascii	"spi_done_Disable\000"
 1341      646F6E65 
 1341      5F446973 
 1341      61626C65 
 1341      00
 1342              	.LASF33:
 1343 02b7 7370695F 		.ascii	"spi_done_ClearPending\000"
 1343      646F6E65 
 1343      5F436C65 
 1343      61725065 
 1343      6E64696E 
 1344              	.LASF5:
 1345 02cd 73686F72 		.ascii	"short int\000"
 1345      7420696E 
 1345      7400
 1346              	.LASF12:
 1347 02d7 75696E74 		.ascii	"uint8\000"
 1347      3800
 1348              	.LASF7:
 1349 02dd 6C6F6E67 		.ascii	"long int\000"
 1349      20696E74 
 1349      00
 1350              	.LASF2:
ARM GAS  C:\Users\Matthew\AppData\Local\Temp\ccwjZYHX.s 			page 34


 1351 02e6 6C6F6E67 		.ascii	"long double\000"
 1351      20646F75 
 1351      626C6500 
 1352              	.LASF32:
 1353 02f2 7370695F 		.ascii	"spi_done_SetPending\000"
 1353      646F6E65 
 1353      5F536574 
 1353      50656E64 
 1353      696E6700 
 1354              		.ident	"GCC: (GNU Tools for ARM Embedded Processors) 5.4.1 20160609 (release) [ARM/embedded-5-bran
