ARM GAS  C:\Users\student\AppData\Local\Temp\ccxRCbIz.s 			page 1


   1              		.syntax unified
   2              		.cpu cortex-m3
   3              		.fpu softvfp
   4              		.eabi_attribute 20, 1
   5              		.eabi_attribute 21, 1
   6              		.eabi_attribute 23, 3
   7              		.eabi_attribute 24, 1
   8              		.eabi_attribute 25, 1
   9              		.eabi_attribute 26, 1
  10              		.eabi_attribute 30, 6
  11              		.eabi_attribute 34, 1
  12              		.eabi_attribute 18, 4
  13              		.thumb
  14              		.file	"cymetadata.c"
  15              		.text
  16              	.Ltext0:
  17              		.cfi_sections	.debug_frame
  18              		.global	cy_meta_configecc
  19              		.section	.cyconfigecc,"a",%progbits
  20              		.align	2
  21              		.type	cy_meta_configecc, %object
  22              		.size	cy_meta_configecc, 344
  23              	cy_meta_configecc:
  24 0000 01       		.byte	1
  25 0001 64       		.byte	100
  26 0002 00       		.byte	0
  27 0003 40       		.byte	64
  28 0004 01       		.byte	1
  29 0005 05       		.byte	5
  30 0006 01       		.byte	1
  31 0007 40       		.byte	64
  32 0008 01       		.byte	1
  33 0009 09       		.byte	9
  34 000a 01       		.byte	1
  35 000b 40       		.byte	64
  36 000c 34       		.byte	52
  37 000d 0A       		.byte	10
  38 000e 01       		.byte	1
  39 000f 40       		.byte	64
  40 0010 18       		.byte	24
  41 0011 0B       		.byte	11
  42 0012 01       		.byte	1
  43 0013 40       		.byte	64
  44 0014 04       		.byte	4
  45 0015 0E       		.byte	14
  46 0016 01       		.byte	1
  47 0017 40       		.byte	64
  48 0018 02       		.byte	2
  49 0019 0F       		.byte	15
  50 001a 01       		.byte	1
  51 001b 40       		.byte	64
  52 001c 01       		.byte	1
  53 001d 17       		.byte	23
  54 001e 01       		.byte	1
  55 001f 40       		.byte	64
  56 0020 01       		.byte	1
  57 0021 19       		.byte	25
ARM GAS  C:\Users\student\AppData\Local\Temp\ccxRCbIz.s 			page 2


  58 0022 01       		.byte	1
  59 0023 40       		.byte	64
  60 0024 02       		.byte	2
  61 0025 40       		.byte	64
  62 0026 01       		.byte	1
  63 0027 40       		.byte	64
  64 0028 01       		.byte	1
  65 0029 41       		.byte	65
  66 002a 01       		.byte	1
  67 002b 40       		.byte	64
  68 002c 03       		.byte	3
  69 002d 42       		.byte	66
  70 002e 01       		.byte	1
  71 002f 40       		.byte	64
  72 0030 04       		.byte	4
  73 0031 44       		.byte	68
  74 0032 01       		.byte	1
  75 0033 40       		.byte	64
  76 0034 02       		.byte	2
  77 0035 46       		.byte	70
  78 0036 01       		.byte	1
  79 0037 40       		.byte	64
  80 0038 04       		.byte	4
  81 0039 47       		.byte	71
  82 003a 01       		.byte	1
  83 003b 40       		.byte	64
  84 003c 05       		.byte	5
  85 003d 48       		.byte	72
  86 003e 01       		.byte	1
  87 003f 40       		.byte	64
  88 0040 04       		.byte	4
  89 0041 4C       		.byte	76
  90 0042 01       		.byte	1
  91 0043 40       		.byte	64
  92 0044 02       		.byte	2
  93 0045 50       		.byte	80
  94 0046 01       		.byte	1
  95 0047 40       		.byte	64
  96 0048 01       		.byte	1
  97 0049 51       		.byte	81
  98 004a 01       		.byte	1
  99 004b 40       		.byte	64
 100 004c 8B       		.byte	-117
 101 004d 0D       		.byte	13
 102 004e E6       		.byte	-26
 103 004f 08       		.byte	8
 104 0050 B1       		.byte	-79
 105 0051 40       		.byte	64
 106 0052 40       		.byte	64
 107 0053 54       		.byte	84
 108 0054 49       		.byte	73
 109 0055 FF       		.byte	-1
 110 0056 4A       		.byte	74
 111 0057 FF       		.byte	-1
 112 0058 4B       		.byte	75
 113 0059 FF       		.byte	-1
 114 005a 4F       		.byte	79
ARM GAS  C:\Users\student\AppData\Local\Temp\ccxRCbIz.s 			page 3


 115 005b 01       		.byte	1
 116 005c 50       		.byte	80
 117 005d 18       		.byte	24
 118 005e 5A       		.byte	90
 119 005f 04       		.byte	4
 120 0060 5D       		.byte	93
 121 0061 09       		.byte	9
 122 0062 5F       		.byte	95
 123 0063 01       		.byte	1
 124 0064 60       		.byte	96
 125 0065 40       		.byte	64
 126 0066 62       		.byte	98
 127 0067 40       		.byte	64
 128 0068 64       		.byte	100
 129 0069 40       		.byte	64
 130 006a 65       		.byte	101
 131 006b 40       		.byte	64
 132 006c 66       		.byte	102
 133 006d 80       		.byte	-128
 134 006e 68       		.byte	104
 135 006f 80       		.byte	-128
 136 0070 6A       		.byte	106
 137 0071 80       		.byte	-128
 138 0072 6C       		.byte	108
 139 0073 80       		.byte	-128
 140 0074 6E       		.byte	110
 141 0075 80       		.byte	-128
 142 0076 92       		.byte	-110
 143 0077 01       		.byte	1
 144 0078 AE       		.byte	-82
 145 0079 01       		.byte	1
 146 007a B0       		.byte	-80
 147 007b 01       		.byte	1
 148 007c B6       		.byte	-74
 149 007d 01       		.byte	1
 150 007e BE       		.byte	-66
 151 007f 01       		.byte	1
 152 0080 C0       		.byte	-64
 153 0081 15       		.byte	21
 154 0082 C5       		.byte	-59
 155 0083 EC       		.byte	-20
 156 0084 C6       		.byte	-58
 157 0085 02       		.byte	2
 158 0086 C8       		.byte	-56
 159 0087 07       		.byte	7
 160 0088 C9       		.byte	-55
 161 0089 FF       		.byte	-1
 162 008a CA       		.byte	-54
 163 008b FF       		.byte	-1
 164 008c CB       		.byte	-53
 165 008d FF       		.byte	-1
 166 008e CD       		.byte	-51
 167 008f 83       		.byte	-125
 168 0090 CE       		.byte	-50
 169 0091 03       		.byte	3
 170 0092 CF       		.byte	-49
 171 0093 01       		.byte	1
ARM GAS  C:\Users\student\AppData\Local\Temp\ccxRCbIz.s 			page 4


 172 0094 D0       		.byte	-48
 173 0095 18       		.byte	24
 174 0096 D2       		.byte	-46
 175 0097 80       		.byte	-128
 176 0098 D4       		.byte	-44
 177 0099 01       		.byte	1
 178 009a D6       		.byte	-42
 179 009b 04       		.byte	4
 180 009c D8       		.byte	-40
 181 009d 04       		.byte	4
 182 009e DA       		.byte	-38
 183 009f 04       		.byte	4
 184 00a0 DB       		.byte	-37
 185 00a1 04       		.byte	4
 186 00a2 DC       		.byte	-36
 187 00a3 09       		.byte	9
 188 00a4 DD       		.byte	-35
 189 00a5 99       		.byte	-103
 190 00a6 DF       		.byte	-33
 191 00a7 01       		.byte	1
 192 00a8 E0       		.byte	-32
 193 00a9 40       		.byte	64
 194 00aa E2       		.byte	-30
 195 00ab 40       		.byte	64
 196 00ac E4       		.byte	-28
 197 00ad 40       		.byte	64
 198 00ae E5       		.byte	-27
 199 00af 40       		.byte	64
 200 00b0 E6       		.byte	-26
 201 00b1 80       		.byte	-128
 202 00b2 E8       		.byte	-24
 203 00b3 80       		.byte	-128
 204 00b4 EA       		.byte	-22
 205 00b5 80       		.byte	-128
 206 00b6 EC       		.byte	-20
 207 00b7 80       		.byte	-128
 208 00b8 EE       		.byte	-18
 209 00b9 80       		.byte	-128
 210 00ba 0F       		.byte	15
 211 00bb 80       		.byte	-128
 212 00bc 17       		.byte	23
 213 00bd 80       		.byte	-128
 214 00be 1D       		.byte	29
 215 00bf 40       		.byte	64
 216 00c0 1E       		.byte	30
 217 00c1 80       		.byte	-128
 218 00c2 42       		.byte	66
 219 00c3 80       		.byte	-128
 220 00c4 47       		.byte	71
 221 00c5 80       		.byte	-128
 222 00c6 48       		.byte	72
 223 00c7 01       		.byte	1
 224 00c8 4D       		.byte	77
 225 00c9 04       		.byte	4
 226 00ca 4F       		.byte	79
 227 00cb 81       		.byte	-127
 228 00cc 56       		.byte	86
ARM GAS  C:\Users\student\AppData\Local\Temp\ccxRCbIz.s 			page 5


 229 00cd 80       		.byte	-128
 230 00ce 57       		.byte	87
 231 00cf 40       		.byte	64
 232 00d0 5D       		.byte	93
 233 00d1 04       		.byte	4
 234 00d2 5E       		.byte	94
 235 00d3 80       		.byte	-128
 236 00d4 5F       		.byte	95
 237 00d5 01       		.byte	1
 238 00d6 66       		.byte	102
 239 00d7 02       		.byte	2
 240 00d8 74       		.byte	116
 241 00d9 01       		.byte	1
 242 00da 77       		.byte	119
 243 00db 80       		.byte	-128
 244 00dc 86       		.byte	-122
 245 00dd 02       		.byte	2
 246 00de C2       		.byte	-62
 247 00df 10       		.byte	16
 248 00e0 C4       		.byte	-60
 249 00e1 80       		.byte	-128
 250 00e2 D0       		.byte	-48
 251 00e3 11       		.byte	17
 252 00e4 D2       		.byte	-46
 253 00e5 18       		.byte	24
 254 00e6 D6       		.byte	-42
 255 00e7 D0       		.byte	-48
 256 00e8 D8       		.byte	-40
 257 00e9 80       		.byte	-128
 258 00ea B8       		.byte	-72
 259 00eb 20       		.byte	32
 260 00ec BE       		.byte	-66
 261 00ed 10       		.byte	16
 262 00ee D8       		.byte	-40
 263 00ef 04       		.byte	4
 264 00f0 DF       		.byte	-33
 265 00f1 01       		.byte	1
 266 00f2 1D       		.byte	29
 267 00f3 10       		.byte	16
 268 00f4 8D       		.byte	-115
 269 00f5 10       		.byte	16
 270 00f6 E8       		.byte	-24
 271 00f7 02       		.byte	2
 272 00f8 E8       		.byte	-24
 273 00f9 02       		.byte	2
 274 00fa 33       		.byte	51
 275 00fb 80       		.byte	-128
 276 00fc CC       		.byte	-52
 277 00fd 10       		.byte	16
 278 00fe A7       		.byte	-89
 279 00ff 80       		.byte	-128
 280 0100 87       		.byte	-121
 281 0101 80       		.byte	-128
 282 0102 A7       		.byte	-89
 283 0103 80       		.byte	-128
 284 0104 E6       		.byte	-26
 285 0105 10       		.byte	16
ARM GAS  C:\Users\student\AppData\Local\Temp\ccxRCbIz.s 			page 6


 286 0106 7C       		.byte	124
 287 0107 20       		.byte	32
 288 0108 8C       		.byte	-116
 289 0109 20       		.byte	32
 290 010a DE       		.byte	-34
 291 010b 01       		.byte	1
 292 010c E0       		.byte	-32
 293 010d 02       		.byte	2
 294 010e 46       		.byte	70
 295 010f 10       		.byte	16
 296 0110 D0       		.byte	-48
 297 0111 01       		.byte	1
 298 0112 9E       		.byte	-98
 299 0113 10       		.byte	16
 300 0114 A3       		.byte	-93
 301 0115 01       		.byte	1
 302 0116 B3       		.byte	-77
 303 0117 01       		.byte	1
 304 0118 E8       		.byte	-24
 305 0119 01       		.byte	1
 306 011a 27       		.byte	39
 307 011b 01       		.byte	1
 308 011c 9F       		.byte	-97
 309 011d 01       		.byte	1
 310 011e AF       		.byte	-81
 311 011f 01       		.byte	1
 312 0120 C8       		.byte	-56
 313 0121 20       		.byte	32
 314 0122 E8       		.byte	-24
 315 0123 40       		.byte	64
 316 0124 63       		.byte	99
 317 0125 02       		.byte	2
 318 0126 A3       		.byte	-93
 319 0127 01       		.byte	1
 320 0128 AE       		.byte	-82
 321 0129 10       		.byte	16
 322 012a D6       		.byte	-42
 323 012b 02       		.byte	2
 324 012c 01       		.byte	1
 325 012d 01       		.byte	1
 326 012e 0D       		.byte	13
 327 012f 01       		.byte	1
 328 0130 00       		.byte	0
 329 0131 03       		.byte	3
 330 0132 00       		.byte	0
 331 0133 00       		.byte	0
 332 0134 00       		.byte	0
 333 0135 00       		.byte	0
 334 0136 00       		.byte	0
 335 0137 00       		.byte	0
 336 0138 00       		.byte	0
 337 0139 00       		.byte	0
 338 013a 01       		.byte	1
 339 013b 00       		.byte	0
 340 013c 00       		.byte	0
 341 013d 80       		.byte	-128
 342 013e 80       		.byte	-128
ARM GAS  C:\Users\student\AppData\Local\Temp\ccxRCbIz.s 			page 7


 343 013f 00       		.byte	0
 344 0140 80       		.byte	-128
 345 0141 00       		.byte	0
 346 0142 40       		.byte	64
 347 0143 00       		.byte	0
 348 0144 00       		.byte	0
 349 0145 7F       		.byte	127
 350 0146 7F       		.byte	127
 351 0147 00       		.byte	0
 352 0148 00       		.byte	0
 353 0149 00       		.byte	0
 354 014a 00       		.byte	0
 355 014b 00       		.byte	0
 356 014c 00       		.byte	0
 357 014d 08       		.byte	8
 358 014e 08       		.byte	8
 359 014f 00       		.byte	0
 360 0150 00       		.byte	0
 361 0151 00       		.byte	0
 362 0152 10       		.byte	16
 363 0153 00       		.byte	0
 364 0154 03       		.byte	3
 365 0155 00       		.byte	0
 366 0156 18       		.byte	24
 367 0157 01       		.byte	1
 368              		.global	cy_meta_custnvl
 369              		.section	.cycustnvl,"a",%progbits
 370              		.align	2
 371              		.type	cy_meta_custnvl, %object
 372              		.size	cy_meta_custnvl, 4
 373              	cy_meta_custnvl:
 374 0000 00       		.byte	0
 375 0001 00       		.byte	0
 376 0002 40       		.byte	64
 377 0003 05       		.byte	5
 378              		.global	cy_meta_wonvl
 379              		.section	.cywolatch,"a",%progbits
 380              		.align	2
 381              		.type	cy_meta_wonvl, %object
 382              		.size	cy_meta_wonvl, 4
 383              	cy_meta_wonvl:
 384 0000 BC       		.byte	-68
 385 0001 90       		.byte	-112
 386 0002 AC       		.byte	-84
 387 0003 AF       		.byte	-81
 388              		.global	cy_meta_flashprotect
 389              		.section	.cyflashprotect,"a",%progbits
 390              		.align	2
 391              		.type	cy_meta_flashprotect, %object
 392              		.size	cy_meta_flashprotect, 256
 393              	cy_meta_flashprotect:
 394 0000 00000000 		.space	256
 394      00000000 
 394      00000000 
 394      00000000 
 394      00000000 
 395              		.global	cy_metadata
ARM GAS  C:\Users\student\AppData\Local\Temp\ccxRCbIz.s 			page 8


 396              		.section	.cymeta,"a",%progbits
 397              		.align	2
 398              		.type	cy_metadata, %object
 399              		.size	cy_metadata, 12
 400              	cy_metadata:
 401 0000 00       		.byte	0
 402 0001 01       		.byte	1
 403 0002 2E       		.byte	46
 404 0003 12       		.byte	18
 405 0004 30       		.byte	48
 406 0005 69       		.byte	105
 407 0006 00       		.byte	0
 408 0007 01       		.byte	1
 409 0008 00       		.byte	0
 410 0009 00       		.byte	0
 411 000a 00       		.byte	0
 412 000b 00       		.byte	0
 413              		.text
 414              	.Letext0:
 415              		.file 1 ".\\Generated_Source\\PSoC5\\cymetadata.c"
 416              		.file 2 ".\\Generated_Source\\PSoC5\\cytypes.h"
 417              		.section	.debug_info,"",%progbits
 418              	.Ldebug_info0:
 419 0000 37010000 		.4byte	0x137
 420 0004 0400     		.2byte	0x4
 421 0006 00000000 		.4byte	.Ldebug_abbrev0
 422 000a 04       		.byte	0x4
 423 000b 01       		.uleb128 0x1
 424 000c 00000000 		.4byte	.LASF18
 425 0010 01       		.byte	0x1
 426 0011 8E000000 		.4byte	.LASF19
 427 0015 95010000 		.4byte	.LASF20
 428 0019 00000000 		.4byte	.Ldebug_line0
 429 001d 02       		.uleb128 0x2
 430 001e 01       		.byte	0x1
 431 001f 06       		.byte	0x6
 432 0020 EB010000 		.4byte	.LASF0
 433 0024 02       		.uleb128 0x2
 434 0025 01       		.byte	0x1
 435 0026 08       		.byte	0x8
 436 0027 C6000000 		.4byte	.LASF1
 437 002b 02       		.uleb128 0x2
 438 002c 02       		.byte	0x2
 439 002d 05       		.byte	0x5
 440 002e 85010000 		.4byte	.LASF2
 441 0032 02       		.uleb128 0x2
 442 0033 02       		.byte	0x2
 443 0034 07       		.byte	0x7
 444 0035 E6000000 		.4byte	.LASF3
 445 0039 02       		.uleb128 0x2
 446 003a 04       		.byte	0x4
 447 003b 05       		.byte	0x5
 448 003c E2010000 		.4byte	.LASF4
 449 0040 02       		.uleb128 0x2
 450 0041 04       		.byte	0x4
 451 0042 07       		.byte	0x7
 452 0043 D4000000 		.4byte	.LASF5
ARM GAS  C:\Users\student\AppData\Local\Temp\ccxRCbIz.s 			page 9


 453 0047 02       		.uleb128 0x2
 454 0048 08       		.byte	0x8
 455 0049 05       		.byte	0x5
 456 004a 72010000 		.4byte	.LASF6
 457 004e 02       		.uleb128 0x2
 458 004f 08       		.byte	0x8
 459 0050 07       		.byte	0x7
 460 0051 2F010000 		.4byte	.LASF7
 461 0055 03       		.uleb128 0x3
 462 0056 04       		.byte	0x4
 463 0057 05       		.byte	0x5
 464 0058 696E7400 		.ascii	"int\000"
 465 005c 02       		.uleb128 0x2
 466 005d 04       		.byte	0x4
 467 005e 07       		.byte	0x7
 468 005f 22010000 		.4byte	.LASF8
 469 0063 04       		.uleb128 0x4
 470 0064 8F010000 		.4byte	.LASF21
 471 0068 02       		.byte	0x2
 472 0069 9201     		.2byte	0x192
 473 006b 24000000 		.4byte	0x24
 474 006f 02       		.uleb128 0x2
 475 0070 04       		.byte	0x4
 476 0071 04       		.byte	0x4
 477 0072 C0000000 		.4byte	.LASF9
 478 0076 02       		.uleb128 0x2
 479 0077 08       		.byte	0x8
 480 0078 04       		.byte	0x4
 481 0079 F9000000 		.4byte	.LASF10
 482 007d 02       		.uleb128 0x2
 483 007e 01       		.byte	0x1
 484 007f 08       		.byte	0x8
 485 0080 80010000 		.4byte	.LASF11
 486 0084 05       		.uleb128 0x5
 487 0085 63000000 		.4byte	0x63
 488 0089 95000000 		.4byte	0x95
 489 008d 06       		.uleb128 0x6
 490 008e 95000000 		.4byte	0x95
 491 0092 5701     		.2byte	0x157
 492 0094 00       		.byte	0
 493 0095 02       		.uleb128 0x2
 494 0096 04       		.byte	0x4
 495 0097 07       		.byte	0x7
 496 0098 69010000 		.4byte	.LASF12
 497 009c 07       		.uleb128 0x7
 498 009d 10010000 		.4byte	.LASF13
 499 00a1 01       		.byte	0x1
 500 00a2 1F       		.byte	0x1f
 501 00a3 AD000000 		.4byte	0xad
 502 00a7 05       		.uleb128 0x5
 503 00a8 03       		.byte	0x3
 504 00a9 00000000 		.4byte	cy_meta_configecc
 505 00ad 08       		.uleb128 0x8
 506 00ae 84000000 		.4byte	0x84
 507 00b2 05       		.uleb128 0x5
 508 00b3 63000000 		.4byte	0x63
 509 00b7 C2000000 		.4byte	0xc2
ARM GAS  C:\Users\student\AppData\Local\Temp\ccxRCbIz.s 			page 10


 510 00bb 09       		.uleb128 0x9
 511 00bc 95000000 		.4byte	0x95
 512 00c0 03       		.byte	0x3
 513 00c1 00       		.byte	0
 514 00c2 07       		.uleb128 0x7
 515 00c3 00010000 		.4byte	.LASF14
 516 00c7 01       		.byte	0x1
 517 00c8 57       		.byte	0x57
 518 00c9 D3000000 		.4byte	0xd3
 519 00cd 05       		.uleb128 0x5
 520 00ce 03       		.byte	0x3
 521 00cf 00000000 		.4byte	cy_meta_custnvl
 522 00d3 08       		.uleb128 0x8
 523 00d4 B2000000 		.4byte	0xb2
 524 00d8 07       		.uleb128 0x7
 525 00d9 5B010000 		.4byte	.LASF15
 526 00dd 01       		.byte	0x1
 527 00de 65       		.byte	0x65
 528 00df E9000000 		.4byte	0xe9
 529 00e3 05       		.uleb128 0x5
 530 00e4 03       		.byte	0x3
 531 00e5 00000000 		.4byte	cy_meta_wonvl
 532 00e9 08       		.uleb128 0x8
 533 00ea B2000000 		.4byte	0xb2
 534 00ee 05       		.uleb128 0x5
 535 00ef 63000000 		.4byte	0x63
 536 00f3 FE000000 		.4byte	0xfe
 537 00f7 09       		.uleb128 0x9
 538 00f8 95000000 		.4byte	0x95
 539 00fc FF       		.byte	0xff
 540 00fd 00       		.byte	0
 541 00fe 07       		.uleb128 0x7
 542 00ff 46010000 		.4byte	.LASF16
 543 0103 01       		.byte	0x1
 544 0104 73       		.byte	0x73
 545 0105 0F010000 		.4byte	0x10f
 546 0109 05       		.uleb128 0x5
 547 010a 03       		.byte	0x3
 548 010b 00000000 		.4byte	cy_meta_flashprotect
 549 010f 08       		.uleb128 0x8
 550 0110 EE000000 		.4byte	0xee
 551 0114 05       		.uleb128 0x5
 552 0115 63000000 		.4byte	0x63
 553 0119 24010000 		.4byte	0x124
 554 011d 09       		.uleb128 0x9
 555 011e 95000000 		.4byte	0x95
 556 0122 0B       		.byte	0xb
 557 0123 00       		.byte	0
 558 0124 07       		.uleb128 0x7
 559 0125 B4000000 		.4byte	.LASF17
 560 0129 01       		.byte	0x1
 561 012a A0       		.byte	0xa0
 562 012b 35010000 		.4byte	0x135
 563 012f 05       		.uleb128 0x5
 564 0130 03       		.byte	0x3
 565 0131 00000000 		.4byte	cy_metadata
 566 0135 08       		.uleb128 0x8
ARM GAS  C:\Users\student\AppData\Local\Temp\ccxRCbIz.s 			page 11


 567 0136 14010000 		.4byte	0x114
 568 013a 00       		.byte	0
 569              		.section	.debug_abbrev,"",%progbits
 570              	.Ldebug_abbrev0:
 571 0000 01       		.uleb128 0x1
 572 0001 11       		.uleb128 0x11
 573 0002 01       		.byte	0x1
 574 0003 25       		.uleb128 0x25
 575 0004 0E       		.uleb128 0xe
 576 0005 13       		.uleb128 0x13
 577 0006 0B       		.uleb128 0xb
 578 0007 03       		.uleb128 0x3
 579 0008 0E       		.uleb128 0xe
 580 0009 1B       		.uleb128 0x1b
 581 000a 0E       		.uleb128 0xe
 582 000b 10       		.uleb128 0x10
 583 000c 17       		.uleb128 0x17
 584 000d 00       		.byte	0
 585 000e 00       		.byte	0
 586 000f 02       		.uleb128 0x2
 587 0010 24       		.uleb128 0x24
 588 0011 00       		.byte	0
 589 0012 0B       		.uleb128 0xb
 590 0013 0B       		.uleb128 0xb
 591 0014 3E       		.uleb128 0x3e
 592 0015 0B       		.uleb128 0xb
 593 0016 03       		.uleb128 0x3
 594 0017 0E       		.uleb128 0xe
 595 0018 00       		.byte	0
 596 0019 00       		.byte	0
 597 001a 03       		.uleb128 0x3
 598 001b 24       		.uleb128 0x24
 599 001c 00       		.byte	0
 600 001d 0B       		.uleb128 0xb
 601 001e 0B       		.uleb128 0xb
 602 001f 3E       		.uleb128 0x3e
 603 0020 0B       		.uleb128 0xb
 604 0021 03       		.uleb128 0x3
 605 0022 08       		.uleb128 0x8
 606 0023 00       		.byte	0
 607 0024 00       		.byte	0
 608 0025 04       		.uleb128 0x4
 609 0026 16       		.uleb128 0x16
 610 0027 00       		.byte	0
 611 0028 03       		.uleb128 0x3
 612 0029 0E       		.uleb128 0xe
 613 002a 3A       		.uleb128 0x3a
 614 002b 0B       		.uleb128 0xb
 615 002c 3B       		.uleb128 0x3b
 616 002d 05       		.uleb128 0x5
 617 002e 49       		.uleb128 0x49
 618 002f 13       		.uleb128 0x13
 619 0030 00       		.byte	0
 620 0031 00       		.byte	0
 621 0032 05       		.uleb128 0x5
 622 0033 01       		.uleb128 0x1
 623 0034 01       		.byte	0x1
ARM GAS  C:\Users\student\AppData\Local\Temp\ccxRCbIz.s 			page 12


 624 0035 49       		.uleb128 0x49
 625 0036 13       		.uleb128 0x13
 626 0037 01       		.uleb128 0x1
 627 0038 13       		.uleb128 0x13
 628 0039 00       		.byte	0
 629 003a 00       		.byte	0
 630 003b 06       		.uleb128 0x6
 631 003c 21       		.uleb128 0x21
 632 003d 00       		.byte	0
 633 003e 49       		.uleb128 0x49
 634 003f 13       		.uleb128 0x13
 635 0040 2F       		.uleb128 0x2f
 636 0041 05       		.uleb128 0x5
 637 0042 00       		.byte	0
 638 0043 00       		.byte	0
 639 0044 07       		.uleb128 0x7
 640 0045 34       		.uleb128 0x34
 641 0046 00       		.byte	0
 642 0047 03       		.uleb128 0x3
 643 0048 0E       		.uleb128 0xe
 644 0049 3A       		.uleb128 0x3a
 645 004a 0B       		.uleb128 0xb
 646 004b 3B       		.uleb128 0x3b
 647 004c 0B       		.uleb128 0xb
 648 004d 49       		.uleb128 0x49
 649 004e 13       		.uleb128 0x13
 650 004f 3F       		.uleb128 0x3f
 651 0050 19       		.uleb128 0x19
 652 0051 02       		.uleb128 0x2
 653 0052 18       		.uleb128 0x18
 654 0053 00       		.byte	0
 655 0054 00       		.byte	0
 656 0055 08       		.uleb128 0x8
 657 0056 26       		.uleb128 0x26
 658 0057 00       		.byte	0
 659 0058 49       		.uleb128 0x49
 660 0059 13       		.uleb128 0x13
 661 005a 00       		.byte	0
 662 005b 00       		.byte	0
 663 005c 09       		.uleb128 0x9
 664 005d 21       		.uleb128 0x21
 665 005e 00       		.byte	0
 666 005f 49       		.uleb128 0x49
 667 0060 13       		.uleb128 0x13
 668 0061 2F       		.uleb128 0x2f
 669 0062 0B       		.uleb128 0xb
 670 0063 00       		.byte	0
 671 0064 00       		.byte	0
 672 0065 00       		.byte	0
 673              		.section	.debug_aranges,"",%progbits
 674 0000 14000000 		.4byte	0x14
 675 0004 0200     		.2byte	0x2
 676 0006 00000000 		.4byte	.Ldebug_info0
 677 000a 04       		.byte	0x4
 678 000b 00       		.byte	0
 679 000c 0000     		.2byte	0
 680 000e 0000     		.2byte	0
ARM GAS  C:\Users\student\AppData\Local\Temp\ccxRCbIz.s 			page 13


 681 0010 00000000 		.4byte	0
 682 0014 00000000 		.4byte	0
 683              		.section	.debug_line,"",%progbits
 684              	.Ldebug_line0:
 685 0000 4F000000 		.section	.debug_str,"MS",%progbits,1
 685      02004900 
 685      00000201 
 685      FB0E0D00 
 685      01010101 
 686              	.LASF18:
 687 0000 474E5520 		.ascii	"GNU C 4.9.3 20150303 (release) [ARM/embedded-4_9-br"
 687      4320342E 
 687      392E3320 
 687      32303135 
 687      30333033 
 688 0033 616E6368 		.ascii	"anch revision 221220] -mcpu=cortex-m3 -mthumb -g -O"
 688      20726576 
 688      6973696F 
 688      6E203232 
 688      31323230 
 689 0066 30202D66 		.ascii	"0 -ffunction-sections -ffat-lto-objects\000"
 689      66756E63 
 689      74696F6E 
 689      2D736563 
 689      74696F6E 
 690              	.LASF19:
 691 008e 2E5C4765 		.ascii	".\\Generated_Source\\PSoC5\\cymetadata.c\000"
 691      6E657261 
 691      7465645F 
 691      536F7572 
 691      63655C50 
 692              	.LASF17:
 693 00b4 63795F6D 		.ascii	"cy_metadata\000"
 693      65746164 
 693      61746100 
 694              	.LASF9:
 695 00c0 666C6F61 		.ascii	"float\000"
 695      7400
 696              	.LASF1:
 697 00c6 756E7369 		.ascii	"unsigned char\000"
 697      676E6564 
 697      20636861 
 697      7200
 698              	.LASF5:
 699 00d4 6C6F6E67 		.ascii	"long unsigned int\000"
 699      20756E73 
 699      69676E65 
 699      6420696E 
 699      7400
 700              	.LASF3:
 701 00e6 73686F72 		.ascii	"short unsigned int\000"
 701      7420756E 
 701      7369676E 
 701      65642069 
 701      6E7400
 702              	.LASF10:
 703 00f9 646F7562 		.ascii	"double\000"
ARM GAS  C:\Users\student\AppData\Local\Temp\ccxRCbIz.s 			page 14


 703      6C6500
 704              	.LASF14:
 705 0100 63795F6D 		.ascii	"cy_meta_custnvl\000"
 705      6574615F 
 705      63757374 
 705      6E766C00 
 706              	.LASF13:
 707 0110 63795F6D 		.ascii	"cy_meta_configecc\000"
 707      6574615F 
 707      636F6E66 
 707      69676563 
 707      6300
 708              	.LASF8:
 709 0122 756E7369 		.ascii	"unsigned int\000"
 709      676E6564 
 709      20696E74 
 709      00
 710              	.LASF7:
 711 012f 6C6F6E67 		.ascii	"long long unsigned int\000"
 711      206C6F6E 
 711      6720756E 
 711      7369676E 
 711      65642069 
 712              	.LASF16:
 713 0146 63795F6D 		.ascii	"cy_meta_flashprotect\000"
 713      6574615F 
 713      666C6173 
 713      6870726F 
 713      74656374 
 714              	.LASF15:
 715 015b 63795F6D 		.ascii	"cy_meta_wonvl\000"
 715      6574615F 
 715      776F6E76 
 715      6C00
 716              	.LASF12:
 717 0169 73697A65 		.ascii	"sizetype\000"
 717      74797065 
 717      00
 718              	.LASF6:
 719 0172 6C6F6E67 		.ascii	"long long int\000"
 719      206C6F6E 
 719      6720696E 
 719      7400
 720              	.LASF11:
 721 0180 63686172 		.ascii	"char\000"
 721      00
 722              	.LASF2:
 723 0185 73686F72 		.ascii	"short int\000"
 723      7420696E 
 723      7400
 724              	.LASF21:
 725 018f 75696E74 		.ascii	"uint8\000"
 725      3800
 726              	.LASF20:
 727 0195 433A5C55 		.ascii	"C:\\Users\\student\\Desktop\\6.115\\project\\DVDAC_"
 727      73657273 
 727      5C737475 
ARM GAS  C:\Users\student\AppData\Local\Temp\ccxRCbIz.s 			page 15


 727      64656E74 
 727      5C446573 
 728 01c2 4578616D 		.ascii	"Example01\\DVDAC_Example01.cydsn\000"
 728      706C6530 
 728      315C4456 
 728      4441435F 
 728      4578616D 
 729              	.LASF4:
 730 01e2 6C6F6E67 		.ascii	"long int\000"
 730      20696E74 
 730      00
 731              	.LASF0:
 732 01eb 7369676E 		.ascii	"signed char\000"
 732      65642063 
 732      68617200 
 733              		.ident	"GCC: (GNU Tools for ARM Embedded Processors) 4.9.3 20150303 (release) [ARM/embedded-4_9-br
