ARM GAS  C:\Users\student\AppData\Local\Temp\cc10sx5J.s 			page 1


   1              		.syntax unified
   2              		.cpu cortex-m3
   3              		.fpu softvfp
   4              		.eabi_attribute 20, 1
   5              		.eabi_attribute 21, 1
   6              		.eabi_attribute 23, 3
   7              		.eabi_attribute 24, 1
   8              		.eabi_attribute 25, 1
   9              		.eabi_attribute 26, 1
  10              		.eabi_attribute 30, 6
  11              		.eabi_attribute 34, 1
  12              		.eabi_attribute 18, 4
  13              		.thumb
  14              		.file	"main.c"
  15              		.text
  16              	.Ltext0:
  17              		.cfi_sections	.debug_frame
  18              		.section	.text.main,"ax",%progbits
  19              		.align	2
  20              		.global	main
  21              		.thumb
  22              		.thumb_func
  23              		.type	main, %function
  24              	main:
  25              	.LFB63:
  26              		.file 1 ".\\main.c"
   1:.\main.c      **** /*******************************************************************************
   2:.\main.c      **** * File Name: main.c
   3:.\main.c      **** *
   4:.\main.c      **** * Version: 1.0
   5:.\main.c      **** *
   6:.\main.c      **** * Description:
   7:.\main.c      **** * This example project demonstrates the basic functionality of the DVDAC
   8:.\main.c      **** * component. The Delta Sigma ADC component is used to measure the output
   9:.\main.c      **** * voltage.
  10:.\main.c      **** *
  11:.\main.c      **** ********************************************************************************
  12:.\main.c      **** * Copyright 2013-2014, Cypress Semiconductor Corporation. All rights reserved.
  13:.\main.c      **** * You may use this file only in accordance with the license, terms, conditions,
  14:.\main.c      **** * disclaimers, and limitations in the end user license agreement accompanying
  15:.\main.c      **** * the software package with which this file was provided.
  16:.\main.c      **** *******************************************************************************/
  17:.\main.c      **** 
  18:.\main.c      **** #include <device.h>
  19:.\main.c      **** #include <stdio.h>
  20:.\main.c      **** 
  21:.\main.c      **** float ADC_DelSig_ReadInt32(void);
  22:.\main.c      **** 
  23:.\main.c      **** 
  24:.\main.c      **** 
  25:.\main.c      **** int main()
  26:.\main.c      **** {
  27              		.loc 1 26 0
  28              		.cfi_startproc
  29              		@ args = 0, pretend = 0, frame = 16
  30              		@ frame_needed = 1, uses_anonymous_args = 0
  31 0000 80B5     		push	{r7, lr}
ARM GAS  C:\Users\student\AppData\Local\Temp\cc10sx5J.s 			page 2


  32              		.cfi_def_cfa_offset 8
  33              		.cfi_offset 7, -8
  34              		.cfi_offset 14, -4
  35 0002 84B0     		sub	sp, sp, #16
  36              		.cfi_def_cfa_offset 24
  37 0004 00AF     		add	r7, sp, #0
  38              		.cfi_def_cfa_register 7
  27:.\main.c      ****     uint16 i;
  28:.\main.c      ****     char   line[16u];
  29:.\main.c      **** 
  30:.\main.c      ****     /* Start components */
  31:.\main.c      ****     VDAC8_1_Start();
  39              		.loc 1 31 0
  40 0006 FFF7FEFF 		bl	VDAC8_1_Start
  32:.\main.c      ****     ADC_DelSig_Start();
  41              		.loc 1 32 0
  42 000a FFF7FEFF 		bl	ADC_DelSig_Start
  33:.\main.c      ****     LCD_Start();
  43              		.loc 1 33 0
  44 000e FFF7FEFF 		bl	LCD_Start
  34:.\main.c      ****     Timer_1_Start();
  45              		.loc 1 34 0
  46 0012 FFF7FEFF 		bl	Timer_1_Start
  35:.\main.c      ****     audio_isr_Start();
  47              		.loc 1 35 0
  48 0016 FFF7FEFF 		bl	audio_isr_Start
  36:.\main.c      ****     CyGlobalIntEnable; /* enable Global interrupts */ 
  49              		.loc 1 36 0
  50              	@ 36 ".\main.c" 1
  51 001a 62B6     		CPSIE   i
  52              	@ 0 "" 2
  53              		.thumb
  54              	.L2:
  37:.\main.c      ****     for(;;)
  38:.\main.c      ****     {
  39:.\main.c      **** 
  40:.\main.c      ****     }
  55              		.loc 1 40 0 discriminator 1
  56 001c FEE7     		b	.L2
  57              		.cfi_endproc
  58              	.LFE63:
  59              		.size	main, .-main
  60              		.global	__aeabi_fmul
  61 001e 00BF     		.section	.text.ADC_DelSig_ReadInt32,"ax",%progbits
  62              		.align	2
  63              		.global	ADC_DelSig_ReadInt32
  64              		.thumb
  65              		.thumb_func
  66              		.type	ADC_DelSig_ReadInt32, %function
  67              	ADC_DelSig_ReadInt32:
  68              	.LFB64:
  41:.\main.c      **** }
  42:.\main.c      **** 
  43:.\main.c      **** 
  44:.\main.c      **** float ADC_DelSig_ReadInt32(void)
  45:.\main.c      **** {
  69              		.loc 1 45 0
ARM GAS  C:\Users\student\AppData\Local\Temp\cc10sx5J.s 			page 3


  70              		.cfi_startproc
  71              		@ args = 0, pretend = 0, frame = 8
  72              		@ frame_needed = 1, uses_anonymous_args = 0
  73 0000 80B5     		push	{r7, lr}
  74              		.cfi_def_cfa_offset 8
  75              		.cfi_offset 7, -8
  76              		.cfi_offset 14, -4
  77 0002 82B0     		sub	sp, sp, #8
  78              		.cfi_def_cfa_offset 16
  79 0004 00AF     		add	r7, sp, #0
  80              		.cfi_def_cfa_register 7
  46:.\main.c      ****     float result;
  47:.\main.c      **** 
  48:.\main.c      ****     ADC_DelSig_DEC_SR_REG |= ADC_DelSig_DEC_INTR_CLEAR;
  81              		.loc 1 48 0
  82 0006 104A     		ldr	r2, .L5
  83 0008 0F4B     		ldr	r3, .L5
  84 000a 1B78     		ldrb	r3, [r3]
  85 000c DBB2     		uxtb	r3, r3
  86 000e 43F00403 		orr	r3, r3, #4
  87 0012 DBB2     		uxtb	r3, r3
  88 0014 1370     		strb	r3, [r2]
  49:.\main.c      ****     ADC_DelSig_StartConvert();
  89              		.loc 1 49 0
  90 0016 FFF7FEFF 		bl	ADC_DelSig_StartConvert
  50:.\main.c      ****     (void) ADC_DelSig_IsEndConversion(ADC_DelSig_WAIT_FOR_RESULT);
  91              		.loc 1 50 0
  92 001a 0020     		movs	r0, #0
  93 001c FFF7FEFF 		bl	ADC_DelSig_IsEndConversion
  51:.\main.c      ****     ADC_DelSig_StopConvert();
  94              		.loc 1 51 0
  95 0020 FFF7FEFF 		bl	ADC_DelSig_StopConvert
  52:.\main.c      ****     result = ADC_DelSig_CountsTo_Volts(ADC_DelSig_GetResult32()) * 1000.0;
  96              		.loc 1 52 0
  97 0024 FFF7FEFF 		bl	ADC_DelSig_GetResult32
  98 0028 0346     		mov	r3, r0
  99 002a 1846     		mov	r0, r3
 100 002c FFF7FEFF 		bl	ADC_DelSig_CountsTo_Volts
 101 0030 0346     		mov	r3, r0
 102 0032 1846     		mov	r0, r3
 103 0034 0549     		ldr	r1, .L5+4
 104 0036 FFF7FEFF 		bl	__aeabi_fmul
 105 003a 0346     		mov	r3, r0
 106 003c 7B60     		str	r3, [r7, #4]	@ float
  53:.\main.c      **** 
  54:.\main.c      ****     return(result);
 107              		.loc 1 54 0
 108 003e 7B68     		ldr	r3, [r7, #4]	@ float
  55:.\main.c      **** }
 109              		.loc 1 55 0
 110 0040 1846     		mov	r0, r3
 111 0042 0837     		adds	r7, r7, #8
 112              		.cfi_def_cfa_offset 8
 113 0044 BD46     		mov	sp, r7
 114              		.cfi_def_cfa_register 13
 115              		@ sp needed
 116 0046 80BD     		pop	{r7, pc}
ARM GAS  C:\Users\student\AppData\Local\Temp\cc10sx5J.s 			page 4


 117              	.L6:
 118              		.align	2
 119              	.L5:
 120 0048 014E0040 		.word	1073761793
 121 004c 00007A44 		.word	1148846080
 122              		.cfi_endproc
 123              	.LFE64:
 124              		.size	ADC_DelSig_ReadInt32, .-ADC_DelSig_ReadInt32
 125              		.text
 126              	.Letext0:
 127              		.file 2 "c:\\program files (x86)\\cypress\\psoc creator\\3.3\\psoc creator\\import\\gnu\\arm\\4.9.
 128              		.file 3 "c:\\program files (x86)\\cypress\\psoc creator\\3.3\\psoc creator\\import\\gnu\\arm\\4.9.
 129              		.file 4 "Generated_Source\\PSoC5/cytypes.h"
 130              		.file 5 "Generated_Source\\PSoC5/core_cm3.h"
 131              		.section	.debug_info,"",%progbits
 132              	.Ldebug_info0:
 133 0000 3D010000 		.4byte	0x13d
 134 0004 0400     		.2byte	0x4
 135 0006 00000000 		.4byte	.Ldebug_abbrev0
 136 000a 04       		.byte	0x4
 137 000b 01       		.uleb128 0x1
 138 000c 9B000000 		.4byte	.LASF20
 139 0010 01       		.byte	0x1
 140 0011 29010000 		.4byte	.LASF21
 141 0015 8D010000 		.4byte	.LASF22
 142 0019 00000000 		.4byte	.Ldebug_ranges0+0
 143 001d 00000000 		.4byte	0
 144 0021 00000000 		.4byte	.Ldebug_line0
 145 0025 02       		.uleb128 0x2
 146 0026 01       		.byte	0x1
 147 0027 06       		.byte	0x6
 148 0028 4F010000 		.4byte	.LASF0
 149 002c 02       		.uleb128 0x2
 150 002d 01       		.byte	0x1
 151 002e 08       		.byte	0x8
 152 002f 7C000000 		.4byte	.LASF1
 153 0033 02       		.uleb128 0x2
 154 0034 02       		.byte	0x2
 155 0035 05       		.byte	0x5
 156 0036 6B010000 		.4byte	.LASF2
 157 003a 02       		.uleb128 0x2
 158 003b 02       		.byte	0x2
 159 003c 07       		.byte	0x7
 160 003d 69000000 		.4byte	.LASF3
 161 0041 03       		.uleb128 0x3
 162 0042 5B010000 		.4byte	.LASF9
 163 0046 02       		.byte	0x2
 164 0047 3F       		.byte	0x3f
 165 0048 4C000000 		.4byte	0x4c
 166 004c 02       		.uleb128 0x2
 167 004d 04       		.byte	0x4
 168 004e 05       		.byte	0x5
 169 004f 39010000 		.4byte	.LASF4
 170 0053 02       		.uleb128 0x2
 171 0054 04       		.byte	0x4
 172 0055 07       		.byte	0x7
 173 0056 2B000000 		.4byte	.LASF5
ARM GAS  C:\Users\student\AppData\Local\Temp\cc10sx5J.s 			page 5


 174 005a 02       		.uleb128 0x2
 175 005b 08       		.byte	0x8
 176 005c 05       		.byte	0x5
 177 005d 00000000 		.4byte	.LASF6
 178 0061 02       		.uleb128 0x2
 179 0062 08       		.byte	0x8
 180 0063 07       		.byte	0x7
 181 0064 3D000000 		.4byte	.LASF7
 182 0068 04       		.uleb128 0x4
 183 0069 04       		.byte	0x4
 184 006a 05       		.byte	0x5
 185 006b 696E7400 		.ascii	"int\000"
 186 006f 02       		.uleb128 0x2
 187 0070 04       		.byte	0x4
 188 0071 07       		.byte	0x7
 189 0072 13000000 		.4byte	.LASF8
 190 0076 03       		.uleb128 0x3
 191 0077 7C010000 		.4byte	.LASF10
 192 007b 03       		.byte	0x3
 193 007c 2C       		.byte	0x2c
 194 007d 41000000 		.4byte	0x41
 195 0081 05       		.uleb128 0x5
 196 0082 25000000 		.4byte	.LASF11
 197 0086 04       		.byte	0x4
 198 0087 9201     		.2byte	0x192
 199 0089 2C000000 		.4byte	0x2c
 200 008d 05       		.uleb128 0x5
 201 008e 75010000 		.4byte	.LASF12
 202 0092 04       		.byte	0x4
 203 0093 9301     		.2byte	0x193
 204 0095 3A000000 		.4byte	0x3a
 205 0099 02       		.uleb128 0x2
 206 009a 04       		.byte	0x4
 207 009b 04       		.byte	0x4
 208 009c 65010000 		.4byte	.LASF13
 209 00a0 02       		.uleb128 0x2
 210 00a1 08       		.byte	0x8
 211 00a2 04       		.byte	0x4
 212 00a3 32010000 		.4byte	.LASF14
 213 00a7 02       		.uleb128 0x2
 214 00a8 01       		.byte	0x1
 215 00a9 08       		.byte	0x8
 216 00aa 8A000000 		.4byte	.LASF15
 217 00ae 05       		.uleb128 0x5
 218 00af 96000000 		.4byte	.LASF16
 219 00b3 04       		.byte	0x4
 220 00b4 3C02     		.2byte	0x23c
 221 00b6 BA000000 		.4byte	0xba
 222 00ba 06       		.uleb128 0x6
 223 00bb 81000000 		.4byte	0x81
 224 00bf 02       		.uleb128 0x2
 225 00c0 04       		.byte	0x4
 226 00c1 07       		.byte	0x7
 227 00c2 84010000 		.4byte	.LASF17
 228 00c6 07       		.uleb128 0x7
 229 00c7 20000000 		.4byte	.LASF23
 230 00cb 01       		.byte	0x1
ARM GAS  C:\Users\student\AppData\Local\Temp\cc10sx5J.s 			page 6


 231 00cc 19       		.byte	0x19
 232 00cd 68000000 		.4byte	0x68
 233 00d1 00000000 		.4byte	.LFB63
 234 00d5 1E000000 		.4byte	.LFE63-.LFB63
 235 00d9 01       		.uleb128 0x1
 236 00da 9C       		.byte	0x9c
 237 00db F7000000 		.4byte	0xf7
 238 00df 08       		.uleb128 0x8
 239 00e0 6900     		.ascii	"i\000"
 240 00e2 01       		.byte	0x1
 241 00e3 1B       		.byte	0x1b
 242 00e4 8D000000 		.4byte	0x8d
 243 00e8 09       		.uleb128 0x9
 244 00e9 0E000000 		.4byte	.LASF18
 245 00ed 01       		.byte	0x1
 246 00ee 1C       		.byte	0x1c
 247 00ef F7000000 		.4byte	0xf7
 248 00f3 02       		.uleb128 0x2
 249 00f4 91       		.byte	0x91
 250 00f5 68       		.sleb128 -24
 251 00f6 00       		.byte	0
 252 00f7 0A       		.uleb128 0xa
 253 00f8 A7000000 		.4byte	0xa7
 254 00fc 07010000 		.4byte	0x107
 255 0100 0B       		.uleb128 0xb
 256 0101 BF000000 		.4byte	0xbf
 257 0105 0F       		.byte	0xf
 258 0106 00       		.byte	0
 259 0107 0C       		.uleb128 0xc
 260 0108 54000000 		.4byte	.LASF24
 261 010c 01       		.byte	0x1
 262 010d 2C       		.byte	0x2c
 263 010e 99000000 		.4byte	0x99
 264 0112 00000000 		.4byte	.LFB64
 265 0116 50000000 		.4byte	.LFE64-.LFB64
 266 011a 01       		.uleb128 0x1
 267 011b 9C       		.byte	0x9c
 268 011c 2F010000 		.4byte	0x12f
 269 0120 09       		.uleb128 0x9
 270 0121 8F000000 		.4byte	.LASF19
 271 0125 01       		.byte	0x1
 272 0126 2E       		.byte	0x2e
 273 0127 99000000 		.4byte	0x99
 274 012b 02       		.uleb128 0x2
 275 012c 91       		.byte	0x91
 276 012d 74       		.sleb128 -12
 277 012e 00       		.byte	0
 278 012f 0D       		.uleb128 0xd
 279 0130 42010000 		.4byte	.LASF25
 280 0134 05       		.byte	0x5
 281 0135 9606     		.2byte	0x696
 282 0137 3B010000 		.4byte	0x13b
 283 013b 06       		.uleb128 0x6
 284 013c 76000000 		.4byte	0x76
 285 0140 00       		.byte	0
 286              		.section	.debug_abbrev,"",%progbits
 287              	.Ldebug_abbrev0:
ARM GAS  C:\Users\student\AppData\Local\Temp\cc10sx5J.s 			page 7


 288 0000 01       		.uleb128 0x1
 289 0001 11       		.uleb128 0x11
 290 0002 01       		.byte	0x1
 291 0003 25       		.uleb128 0x25
 292 0004 0E       		.uleb128 0xe
 293 0005 13       		.uleb128 0x13
 294 0006 0B       		.uleb128 0xb
 295 0007 03       		.uleb128 0x3
 296 0008 0E       		.uleb128 0xe
 297 0009 1B       		.uleb128 0x1b
 298 000a 0E       		.uleb128 0xe
 299 000b 55       		.uleb128 0x55
 300 000c 17       		.uleb128 0x17
 301 000d 11       		.uleb128 0x11
 302 000e 01       		.uleb128 0x1
 303 000f 10       		.uleb128 0x10
 304 0010 17       		.uleb128 0x17
 305 0011 00       		.byte	0
 306 0012 00       		.byte	0
 307 0013 02       		.uleb128 0x2
 308 0014 24       		.uleb128 0x24
 309 0015 00       		.byte	0
 310 0016 0B       		.uleb128 0xb
 311 0017 0B       		.uleb128 0xb
 312 0018 3E       		.uleb128 0x3e
 313 0019 0B       		.uleb128 0xb
 314 001a 03       		.uleb128 0x3
 315 001b 0E       		.uleb128 0xe
 316 001c 00       		.byte	0
 317 001d 00       		.byte	0
 318 001e 03       		.uleb128 0x3
 319 001f 16       		.uleb128 0x16
 320 0020 00       		.byte	0
 321 0021 03       		.uleb128 0x3
 322 0022 0E       		.uleb128 0xe
 323 0023 3A       		.uleb128 0x3a
 324 0024 0B       		.uleb128 0xb
 325 0025 3B       		.uleb128 0x3b
 326 0026 0B       		.uleb128 0xb
 327 0027 49       		.uleb128 0x49
 328 0028 13       		.uleb128 0x13
 329 0029 00       		.byte	0
 330 002a 00       		.byte	0
 331 002b 04       		.uleb128 0x4
 332 002c 24       		.uleb128 0x24
 333 002d 00       		.byte	0
 334 002e 0B       		.uleb128 0xb
 335 002f 0B       		.uleb128 0xb
 336 0030 3E       		.uleb128 0x3e
 337 0031 0B       		.uleb128 0xb
 338 0032 03       		.uleb128 0x3
 339 0033 08       		.uleb128 0x8
 340 0034 00       		.byte	0
 341 0035 00       		.byte	0
 342 0036 05       		.uleb128 0x5
 343 0037 16       		.uleb128 0x16
 344 0038 00       		.byte	0
ARM GAS  C:\Users\student\AppData\Local\Temp\cc10sx5J.s 			page 8


 345 0039 03       		.uleb128 0x3
 346 003a 0E       		.uleb128 0xe
 347 003b 3A       		.uleb128 0x3a
 348 003c 0B       		.uleb128 0xb
 349 003d 3B       		.uleb128 0x3b
 350 003e 05       		.uleb128 0x5
 351 003f 49       		.uleb128 0x49
 352 0040 13       		.uleb128 0x13
 353 0041 00       		.byte	0
 354 0042 00       		.byte	0
 355 0043 06       		.uleb128 0x6
 356 0044 35       		.uleb128 0x35
 357 0045 00       		.byte	0
 358 0046 49       		.uleb128 0x49
 359 0047 13       		.uleb128 0x13
 360 0048 00       		.byte	0
 361 0049 00       		.byte	0
 362 004a 07       		.uleb128 0x7
 363 004b 2E       		.uleb128 0x2e
 364 004c 01       		.byte	0x1
 365 004d 3F       		.uleb128 0x3f
 366 004e 19       		.uleb128 0x19
 367 004f 03       		.uleb128 0x3
 368 0050 0E       		.uleb128 0xe
 369 0051 3A       		.uleb128 0x3a
 370 0052 0B       		.uleb128 0xb
 371 0053 3B       		.uleb128 0x3b
 372 0054 0B       		.uleb128 0xb
 373 0055 49       		.uleb128 0x49
 374 0056 13       		.uleb128 0x13
 375 0057 11       		.uleb128 0x11
 376 0058 01       		.uleb128 0x1
 377 0059 12       		.uleb128 0x12
 378 005a 06       		.uleb128 0x6
 379 005b 40       		.uleb128 0x40
 380 005c 18       		.uleb128 0x18
 381 005d 9642     		.uleb128 0x2116
 382 005f 19       		.uleb128 0x19
 383 0060 01       		.uleb128 0x1
 384 0061 13       		.uleb128 0x13
 385 0062 00       		.byte	0
 386 0063 00       		.byte	0
 387 0064 08       		.uleb128 0x8
 388 0065 34       		.uleb128 0x34
 389 0066 00       		.byte	0
 390 0067 03       		.uleb128 0x3
 391 0068 08       		.uleb128 0x8
 392 0069 3A       		.uleb128 0x3a
 393 006a 0B       		.uleb128 0xb
 394 006b 3B       		.uleb128 0x3b
 395 006c 0B       		.uleb128 0xb
 396 006d 49       		.uleb128 0x49
 397 006e 13       		.uleb128 0x13
 398 006f 00       		.byte	0
 399 0070 00       		.byte	0
 400 0071 09       		.uleb128 0x9
 401 0072 34       		.uleb128 0x34
ARM GAS  C:\Users\student\AppData\Local\Temp\cc10sx5J.s 			page 9


 402 0073 00       		.byte	0
 403 0074 03       		.uleb128 0x3
 404 0075 0E       		.uleb128 0xe
 405 0076 3A       		.uleb128 0x3a
 406 0077 0B       		.uleb128 0xb
 407 0078 3B       		.uleb128 0x3b
 408 0079 0B       		.uleb128 0xb
 409 007a 49       		.uleb128 0x49
 410 007b 13       		.uleb128 0x13
 411 007c 02       		.uleb128 0x2
 412 007d 18       		.uleb128 0x18
 413 007e 00       		.byte	0
 414 007f 00       		.byte	0
 415 0080 0A       		.uleb128 0xa
 416 0081 01       		.uleb128 0x1
 417 0082 01       		.byte	0x1
 418 0083 49       		.uleb128 0x49
 419 0084 13       		.uleb128 0x13
 420 0085 01       		.uleb128 0x1
 421 0086 13       		.uleb128 0x13
 422 0087 00       		.byte	0
 423 0088 00       		.byte	0
 424 0089 0B       		.uleb128 0xb
 425 008a 21       		.uleb128 0x21
 426 008b 00       		.byte	0
 427 008c 49       		.uleb128 0x49
 428 008d 13       		.uleb128 0x13
 429 008e 2F       		.uleb128 0x2f
 430 008f 0B       		.uleb128 0xb
 431 0090 00       		.byte	0
 432 0091 00       		.byte	0
 433 0092 0C       		.uleb128 0xc
 434 0093 2E       		.uleb128 0x2e
 435 0094 01       		.byte	0x1
 436 0095 3F       		.uleb128 0x3f
 437 0096 19       		.uleb128 0x19
 438 0097 03       		.uleb128 0x3
 439 0098 0E       		.uleb128 0xe
 440 0099 3A       		.uleb128 0x3a
 441 009a 0B       		.uleb128 0xb
 442 009b 3B       		.uleb128 0x3b
 443 009c 0B       		.uleb128 0xb
 444 009d 27       		.uleb128 0x27
 445 009e 19       		.uleb128 0x19
 446 009f 49       		.uleb128 0x49
 447 00a0 13       		.uleb128 0x13
 448 00a1 11       		.uleb128 0x11
 449 00a2 01       		.uleb128 0x1
 450 00a3 12       		.uleb128 0x12
 451 00a4 06       		.uleb128 0x6
 452 00a5 40       		.uleb128 0x40
 453 00a6 18       		.uleb128 0x18
 454 00a7 9642     		.uleb128 0x2116
 455 00a9 19       		.uleb128 0x19
 456 00aa 01       		.uleb128 0x1
 457 00ab 13       		.uleb128 0x13
 458 00ac 00       		.byte	0
ARM GAS  C:\Users\student\AppData\Local\Temp\cc10sx5J.s 			page 10


 459 00ad 00       		.byte	0
 460 00ae 0D       		.uleb128 0xd
 461 00af 34       		.uleb128 0x34
 462 00b0 00       		.byte	0
 463 00b1 03       		.uleb128 0x3
 464 00b2 0E       		.uleb128 0xe
 465 00b3 3A       		.uleb128 0x3a
 466 00b4 0B       		.uleb128 0xb
 467 00b5 3B       		.uleb128 0x3b
 468 00b6 05       		.uleb128 0x5
 469 00b7 49       		.uleb128 0x49
 470 00b8 13       		.uleb128 0x13
 471 00b9 3F       		.uleb128 0x3f
 472 00ba 19       		.uleb128 0x19
 473 00bb 3C       		.uleb128 0x3c
 474 00bc 19       		.uleb128 0x19
 475 00bd 00       		.byte	0
 476 00be 00       		.byte	0
 477 00bf 00       		.byte	0
 478              		.section	.debug_aranges,"",%progbits
 479 0000 24000000 		.4byte	0x24
 480 0004 0200     		.2byte	0x2
 481 0006 00000000 		.4byte	.Ldebug_info0
 482 000a 04       		.byte	0x4
 483 000b 00       		.byte	0
 484 000c 0000     		.2byte	0
 485 000e 0000     		.2byte	0
 486 0010 00000000 		.4byte	.LFB63
 487 0014 1E000000 		.4byte	.LFE63-.LFB63
 488 0018 00000000 		.4byte	.LFB64
 489 001c 50000000 		.4byte	.LFE64-.LFB64
 490 0020 00000000 		.4byte	0
 491 0024 00000000 		.4byte	0
 492              		.section	.debug_ranges,"",%progbits
 493              	.Ldebug_ranges0:
 494 0000 00000000 		.4byte	.LFB63
 495 0004 1E000000 		.4byte	.LFE63
 496 0008 00000000 		.4byte	.LFB64
 497 000c 50000000 		.4byte	.LFE64
 498 0010 00000000 		.4byte	0
 499 0014 00000000 		.4byte	0
 500              		.section	.debug_line,"",%progbits
 501              	.Ldebug_line0:
 502 0000 7F010000 		.section	.debug_str,"MS",%progbits,1
 502      02004901 
 502      00000201 
 502      FB0E0D00 
 502      01010101 
 503              	.LASF6:
 504 0000 6C6F6E67 		.ascii	"long long int\000"
 504      206C6F6E 
 504      6720696E 
 504      7400
 505              	.LASF18:
 506 000e 6C696E65 		.ascii	"line\000"
 506      00
 507              	.LASF8:
ARM GAS  C:\Users\student\AppData\Local\Temp\cc10sx5J.s 			page 11


 508 0013 756E7369 		.ascii	"unsigned int\000"
 508      676E6564 
 508      20696E74 
 508      00
 509              	.LASF23:
 510 0020 6D61696E 		.ascii	"main\000"
 510      00
 511              	.LASF11:
 512 0025 75696E74 		.ascii	"uint8\000"
 512      3800
 513              	.LASF5:
 514 002b 6C6F6E67 		.ascii	"long unsigned int\000"
 514      20756E73 
 514      69676E65 
 514      6420696E 
 514      7400
 515              	.LASF7:
 516 003d 6C6F6E67 		.ascii	"long long unsigned int\000"
 516      206C6F6E 
 516      6720756E 
 516      7369676E 
 516      65642069 
 517              	.LASF24:
 518 0054 4144435F 		.ascii	"ADC_DelSig_ReadInt32\000"
 518      44656C53 
 518      69675F52 
 518      65616449 
 518      6E743332 
 519              	.LASF3:
 520 0069 73686F72 		.ascii	"short unsigned int\000"
 520      7420756E 
 520      7369676E 
 520      65642069 
 520      6E7400
 521              	.LASF1:
 522 007c 756E7369 		.ascii	"unsigned char\000"
 522      676E6564 
 522      20636861 
 522      7200
 523              	.LASF15:
 524 008a 63686172 		.ascii	"char\000"
 524      00
 525              	.LASF19:
 526 008f 72657375 		.ascii	"result\000"
 526      6C7400
 527              	.LASF16:
 528 0096 72656738 		.ascii	"reg8\000"
 528      00
 529              	.LASF20:
 530 009b 474E5520 		.ascii	"GNU C 4.9.3 20150303 (release) [ARM/embedded-4_9-br"
 530      4320342E 
 530      392E3320 
 530      32303135 
 530      30333033 
 531 00ce 616E6368 		.ascii	"anch revision 221220] -mcpu=cortex-m3 -mthumb -g -O"
 531      20726576 
 531      6973696F 
ARM GAS  C:\Users\student\AppData\Local\Temp\cc10sx5J.s 			page 12


 531      6E203232 
 531      31323230 
 532 0101 30202D66 		.ascii	"0 -ffunction-sections -ffat-lto-objects\000"
 532      66756E63 
 532      74696F6E 
 532      2D736563 
 532      74696F6E 
 533              	.LASF21:
 534 0129 2E5C6D61 		.ascii	".\\main.c\000"
 534      696E2E63 
 534      00
 535              	.LASF14:
 536 0132 646F7562 		.ascii	"double\000"
 536      6C6500
 537              	.LASF4:
 538 0139 6C6F6E67 		.ascii	"long int\000"
 538      20696E74 
 538      00
 539              	.LASF25:
 540 0142 49544D5F 		.ascii	"ITM_RxBuffer\000"
 540      52784275 
 540      66666572 
 540      00
 541              	.LASF0:
 542 014f 7369676E 		.ascii	"signed char\000"
 542      65642063 
 542      68617200 
 543              	.LASF9:
 544 015b 5F5F696E 		.ascii	"__int32_t\000"
 544      7433325F 
 544      7400
 545              	.LASF13:
 546 0165 666C6F61 		.ascii	"float\000"
 546      7400
 547              	.LASF2:
 548 016b 73686F72 		.ascii	"short int\000"
 548      7420696E 
 548      7400
 549              	.LASF12:
 550 0175 75696E74 		.ascii	"uint16\000"
 550      313600
 551              	.LASF10:
 552 017c 696E7433 		.ascii	"int32_t\000"
 552      325F7400 
 553              	.LASF17:
 554 0184 73697A65 		.ascii	"sizetype\000"
 554      74797065 
 554      00
 555              	.LASF22:
 556 018d 433A5C55 		.ascii	"C:\\Users\\student\\Desktop\\6.115\\project\\DVDAC_"
 556      73657273 
 556      5C737475 
 556      64656E74 
 556      5C446573 
 557 01ba 4578616D 		.ascii	"Example01\\DVDAC_Example01.cydsn\000"
 557      706C6530 
 557      315C4456 
ARM GAS  C:\Users\student\AppData\Local\Temp\cc10sx5J.s 			page 13


 557      4441435F 
 557      4578616D 
 558              		.ident	"GCC: (GNU Tools for ARM Embedded Processors) 4.9.3 20150303 (release) [ARM/embedded-4_9-br
